{"/home/marcgm97/bootcamp/collab/skylab-bootcamp-202004/staff/marc-guillemas/qrmenu/qrmenu-server-logic/add-dish.spec.js":{"path":"/home/marcgm97/bootcamp/collab/skylab-bootcamp-202004/staff/marc-guillemas/qrmenu/qrmenu-server-logic/add-dish.spec.js","statementMap":{"0":{"start":{"line":1,"column":0},"end":{"line":1,"column":26}},"1":{"start":{"line":2,"column":47},"end":{"line":2,"column":54}},"2":{"start":{"line":3,"column":46},"end":{"line":3,"column":68}},"3":{"start":{"line":4,"column":46},"end":{"line":4,"column":71}},"4":{"start":{"line":5,"column":16},"end":{"line":5,"column":37}},"5":{"start":{"line":6,"column":17},"end":{"line":6,"column":21}},"6":{"start":{"line":7,"column":15},"end":{"line":7,"column":34}},"7":{"start":{"line":8,"column":17},"end":{"line":8,"column":32}},"8":{"start":{"line":9,"column":47},"end":{"line":9,"column":79}},"9":{"start":{"line":11,"column":0},"end":{"line":142,"column":2}},"10":{"start":{"line":13,"column":4},"end":{"line":13,"column":47}},"11":{"start":{"line":13,"column":17},"end":{"line":13,"column":46}},"12":{"start":{"line":17,"column":4},"end":{"line":47,"column":6}},"13":{"start":{"line":19,"column":8},"end":{"line":19,"column":40}},"14":{"start":{"line":22,"column":8},"end":{"line":22,"column":51}},"15":{"start":{"line":23,"column":8},"end":{"line":23,"column":28}},"16":{"start":{"line":24,"column":8},"end":{"line":24,"column":40}},"17":{"start":{"line":25,"column":8},"end":{"line":25,"column":40}},"18":{"start":{"line":26,"column":8},"end":{"line":26,"column":33}},"19":{"start":{"line":27,"column":8},"end":{"line":27,"column":39}},"20":{"start":{"line":28,"column":8},"end":{"line":28,"column":42}},"21":{"start":{"line":29,"column":8},"end":{"line":29,"column":37}},"22":{"start":{"line":30,"column":8},"end":{"line":30,"column":47}},"23":{"start":{"line":31,"column":8},"end":{"line":31,"column":24}},"24":{"start":{"line":32,"column":8},"end":{"line":32,"column":70}},"25":{"start":{"line":34,"column":8},"end":{"line":34,"column":46}},"26":{"start":{"line":49,"column":4},"end":{"line":138,"column":6}},"27":{"start":{"line":51,"column":8},"end":{"line":58,"column":10}},"28":{"start":{"line":53,"column":35},"end":{"line":53,"column":130}},"29":{"start":{"line":54,"column":12},"end":{"line":54,"column":47}},"30":{"start":{"line":56,"column":12},"end":{"line":56,"column":49}},"31":{"start":{"line":59,"column":8},"end":{"line":86,"column":10}},"32":{"start":{"line":61,"column":12},"end":{"line":82,"column":18}},"33":{"start":{"line":64,"column":20},"end":{"line":64,"column":59}},"34":{"start":{"line":67,"column":33},"end":{"line":67,"column":78}},"35":{"start":{"line":67,"column":54},"end":{"line":67,"column":77}},"36":{"start":{"line":69,"column":20},"end":{"line":69,"column":46}},"37":{"start":{"line":70,"column":20},"end":{"line":70,"column":55}},"38":{"start":{"line":71,"column":20},"end":{"line":71,"column":56}},"39":{"start":{"line":72,"column":20},"end":{"line":72,"column":53}},"40":{"start":{"line":73,"column":20},"end":{"line":73,"column":62}},"41":{"start":{"line":74,"column":20},"end":{"line":74,"column":66}},"42":{"start":{"line":75,"column":20},"end":{"line":75,"column":47}},"43":{"start":{"line":76,"column":20},"end":{"line":76,"column":56}},"44":{"start":{"line":77,"column":20},"end":{"line":77,"column":54}},"45":{"start":{"line":78,"column":20},"end":{"line":78,"column":46}},"46":{"start":{"line":79,"column":20},"end":{"line":79,"column":55}},"47":{"start":{"line":80,"column":20},"end":{"line":80,"column":57}},"48":{"start":{"line":88,"column":8},"end":{"line":105,"column":10}},"49":{"start":{"line":90,"column":12},"end":{"line":101,"column":13}},"50":{"start":{"line":92,"column":16},"end":{"line":95,"column":22}},"51":{"start":{"line":94,"column":24},"end":{"line":94,"column":70}},"52":{"start":{"line":97,"column":16},"end":{"line":97,"column":38}},"53":{"start":{"line":98,"column":16},"end":{"line":98,"column":67}},"54":{"start":{"line":99,"column":16},"end":{"line":99,"column":111}},"55":{"start":{"line":107,"column":8},"end":{"line":124,"column":10}},"56":{"start":{"line":109,"column":12},"end":{"line":120,"column":13}},"57":{"start":{"line":111,"column":16},"end":{"line":114,"column":22}},"58":{"start":{"line":113,"column":24},"end":{"line":113,"column":70}},"59":{"start":{"line":116,"column":16},"end":{"line":116,"column":38}},"60":{"start":{"line":117,"column":16},"end":{"line":117,"column":67}},"61":{"start":{"line":118,"column":16},"end":{"line":118,"column":103}},"62":{"start":{"line":128,"column":8},"end":{"line":136,"column":10}},"63":{"start":{"line":130,"column":12},"end":{"line":130,"column":123}},"64":{"start":{"line":130,"column":24},"end":{"line":130,"column":83}},"65":{"start":{"line":131,"column":12},"end":{"line":131,"column":130}},"66":{"start":{"line":131,"column":24},"end":{"line":131,"column":90}},"67":{"start":{"line":132,"column":12},"end":{"line":132,"column":130}},"68":{"start":{"line":132,"column":24},"end":{"line":132,"column":90}},"69":{"start":{"line":133,"column":12},"end":{"line":133,"column":127}},"70":{"start":{"line":133,"column":24},"end":{"line":133,"column":87}},"71":{"start":{"line":134,"column":12},"end":{"line":134,"column":134}},"72":{"start":{"line":134,"column":24},"end":{"line":134,"column":94}},"73":{"start":{"line":141,"column":4},"end":{"line":141,"column":38}},"74":{"start":{"line":141,"column":16},"end":{"line":141,"column":37}}},"fnMap":{"0":{"name":"(anonymous_0)","decl":{"start":{"line":11,"column":34},"end":{"line":11,"column":35}},"loc":{"start":{"line":11,"column":40},"end":{"line":142,"column":1}},"line":11},"1":{"name":"(anonymous_1)","decl":{"start":{"line":13,"column":11},"end":{"line":13,"column":12}},"loc":{"start":{"line":13,"column":17},"end":{"line":13,"column":46}},"line":13},"2":{"name":"(anonymous_2)","decl":{"start":{"line":17,"column":15},"end":{"line":17,"column":16}},"loc":{"start":{"line":17,"column":26},"end":{"line":47,"column":5}},"line":17},"3":{"name":"(anonymous_3)","decl":{"start":{"line":49,"column":17},"end":{"line":49,"column":18}},"loc":{"start":{"line":49,"column":23},"end":{"line":138,"column":5}},"line":49},"4":{"name":"(anonymous_4)","decl":{"start":{"line":51,"column":19},"end":{"line":51,"column":20}},"loc":{"start":{"line":51,"column":30},"end":{"line":58,"column":9}},"line":51},"5":{"name":"(anonymous_5)","decl":{"start":{"line":59,"column":61},"end":{"line":59,"column":62}},"loc":{"start":{"line":59,"column":67},"end":{"line":86,"column":9}},"line":59},"6":{"name":"(anonymous_6)","decl":{"start":{"line":62,"column":22},"end":{"line":62,"column":23}},"loc":{"start":{"line":62,"column":28},"end":{"line":65,"column":17}},"line":62},"7":{"name":"(anonymous_7)","decl":{"start":{"line":66,"column":22},"end":{"line":66,"column":23}},"loc":{"start":{"line":66,"column":36},"end":{"line":82,"column":17}},"line":66},"8":{"name":"(anonymous_8)","decl":{"start":{"line":67,"column":45},"end":{"line":67,"column":46}},"loc":{"start":{"line":67,"column":54},"end":{"line":67,"column":77}},"line":67},"9":{"name":"(anonymous_9)","decl":{"start":{"line":88,"column":63},"end":{"line":88,"column":64}},"loc":{"start":{"line":88,"column":69},"end":{"line":105,"column":9}},"line":88},"10":{"name":"(anonymous_10)","decl":{"start":{"line":93,"column":26},"end":{"line":93,"column":27}},"loc":{"start":{"line":93,"column":32},"end":{"line":95,"column":21}},"line":93},"11":{"name":"(anonymous_11)","decl":{"start":{"line":107,"column":63},"end":{"line":107,"column":64}},"loc":{"start":{"line":107,"column":69},"end":{"line":124,"column":9}},"line":107},"12":{"name":"(anonymous_12)","decl":{"start":{"line":112,"column":26},"end":{"line":112,"column":27}},"loc":{"start":{"line":112,"column":32},"end":{"line":114,"column":21}},"line":112},"13":{"name":"(anonymous_13)","decl":{"start":{"line":128,"column":63},"end":{"line":128,"column":64}},"loc":{"start":{"line":128,"column":69},"end":{"line":136,"column":9}},"line":128},"14":{"name":"(anonymous_14)","decl":{"start":{"line":130,"column":19},"end":{"line":130,"column":20}},"loc":{"start":{"line":130,"column":24},"end":{"line":130,"column":83}},"line":130},"15":{"name":"(anonymous_15)","decl":{"start":{"line":131,"column":19},"end":{"line":131,"column":20}},"loc":{"start":{"line":131,"column":24},"end":{"line":131,"column":90}},"line":131},"16":{"name":"(anonymous_16)","decl":{"start":{"line":132,"column":19},"end":{"line":132,"column":20}},"loc":{"start":{"line":132,"column":24},"end":{"line":132,"column":90}},"line":132},"17":{"name":"(anonymous_17)","decl":{"start":{"line":133,"column":19},"end":{"line":133,"column":20}},"loc":{"start":{"line":133,"column":24},"end":{"line":133,"column":87}},"line":133},"18":{"name":"(anonymous_18)","decl":{"start":{"line":134,"column":19},"end":{"line":134,"column":20}},"loc":{"start":{"line":134,"column":24},"end":{"line":134,"column":94}},"line":134},"19":{"name":"(anonymous_19)","decl":{"start":{"line":141,"column":10},"end":{"line":141,"column":11}},"loc":{"start":{"line":141,"column":16},"end":{"line":141,"column":37}},"line":141}},"branchMap":{},"s":{"0":1,"1":1,"2":1,"3":1,"4":1,"5":1,"6":1,"7":1,"8":1,"9":1,"10":1,"11":1,"12":1,"13":4,"14":4,"15":4,"16":4,"17":4,"18":4,"19":4,"20":4,"21":4,"22":4,"23":4,"24":4,"25":4,"26":1,"27":1,"28":4,"29":4,"30":4,"31":1,"32":1,"33":1,"34":0,"35":0,"36":0,"37":0,"38":0,"39":0,"40":0,"41":0,"42":0,"43":0,"44":0,"45":0,"46":0,"47":0,"48":1,"49":1,"50":1,"51":0,"52":0,"53":0,"54":0,"55":1,"56":1,"57":1,"58":0,"59":0,"60":0,"61":0,"62":1,"63":1,"64":1,"65":1,"66":1,"67":1,"68":1,"69":1,"70":1,"71":1,"72":1,"73":1,"74":1},"f":{"0":1,"1":1,"2":4,"3":1,"4":4,"5":1,"6":1,"7":0,"8":0,"9":1,"10":0,"11":1,"12":0,"13":1,"14":1,"15":1,"16":1,"17":1,"18":1,"19":1},"b":{},"_coverageSchema":"1a1c01bbd47fc00a2c39e90264f33305004495a9","hash":"3755038cde77d740a90646da93731ae859347420","contentHash":"0b3d2ab943714e8d389ba2c89505e4c3716d502fcb47cfb721ac800c37b3b722"},"/home/marcgm97/bootcamp/collab/skylab-bootcamp-202004/staff/marc-guillemas/qrmenu/qrmenu-server-logic/add-dish.js":{"path":"/home/marcgm97/bootcamp/collab/skylab-bootcamp-202004/staff/marc-guillemas/qrmenu/qrmenu-server-logic/add-dish.js","statementMap":{"0":{"start":{"line":1,"column":0},"end":{"line":1,"column":42}},"1":{"start":{"line":2,"column":0},"end":{"line":2,"column":42}},"2":{"start":{"line":3,"column":0},"end":{"line":3,"column":41}},"3":{"start":{"line":4,"column":59},"end":{"line":4,"column":84}},"4":{"start":{"line":5,"column":36},"end":{"line":5,"column":58}},"5":{"start":{"line":17,"column":0},"end":{"line":43,"column":1}},"6":{"start":{"line":18,"column":4},"end":{"line":18,"column":36}},"7":{"start":{"line":19,"column":4},"end":{"line":19,"column":29}},"8":{"start":{"line":20,"column":4},"end":{"line":20,"column":25}},"9":{"start":{"line":21,"column":4},"end":{"line":21,"column":32}},"10":{"start":{"line":22,"column":4},"end":{"line":22,"column":26}},"11":{"start":{"line":23,"column":4},"end":{"line":23,"column":24}},"12":{"start":{"line":24,"column":4},"end":{"line":24,"column":32}},"13":{"start":{"line":26,"column":4},"end":{"line":42,"column":8}},"14":{"start":{"line":27,"column":30},"end":{"line":27,"column":75}},"15":{"start":{"line":29,"column":8},"end":{"line":29,"column":112}},"16":{"start":{"line":29,"column":27},"end":{"line":29,"column":112}},"17":{"start":{"line":31,"column":32},"end":{"line":31,"column":45}},"18":{"start":{"line":33,"column":23},"end":{"line":33,"column":81}},"19":{"start":{"line":33,"column":45},"end":{"line":33,"column":80}},"20":{"start":{"line":35,"column":8},"end":{"line":35,"column":145}},"21":{"start":{"line":35,"column":62},"end":{"line":35,"column":145}},"22":{"start":{"line":37,"column":8},"end":{"line":37,"column":53}},"23":{"start":{"line":39,"column":8},"end":{"line":39,"column":80}},"24":{"start":{"line":41,"column":8},"end":{"line":41,"column":14}}},"fnMap":{"0":{"name":"(anonymous_0)","decl":{"start":{"line":17,"column":17},"end":{"line":17,"column":18}},"loc":{"start":{"line":17,"column":80},"end":{"line":43,"column":1}},"line":17},"1":{"name":"(anonymous_1)","decl":{"start":{"line":26,"column":12},"end":{"line":26,"column":13}},"loc":{"start":{"line":26,"column":23},"end":{"line":42,"column":5}},"line":26},"2":{"name":"(anonymous_2)","decl":{"start":{"line":33,"column":34},"end":{"line":33,"column":35}},"loc":{"start":{"line":33,"column":45},"end":{"line":33,"column":80}},"line":33}},"branchMap":{"0":{"loc":{"start":{"line":29,"column":8},"end":{"line":29,"column":112}},"type":"if","locations":[{"start":{"line":29,"column":8},"end":{"line":29,"column":112}},{"start":{"line":29,"column":8},"end":{"line":29,"column":112}}],"line":29},"1":{"loc":{"start":{"line":35,"column":8},"end":{"line":35,"column":145}},"type":"if","locations":[{"start":{"line":35,"column":8},"end":{"line":35,"column":145}},{"start":{"line":35,"column":8},"end":{"line":35,"column":145}}],"line":35},"2":{"loc":{"start":{"line":35,"column":11},"end":{"line":35,"column":60}},"type":"binary-expr","locations":[{"start":{"line":35,"column":11},"end":{"line":35,"column":33}},{"start":{"line":35,"column":37},"end":{"line":35,"column":60}}],"line":35}},"s":{"0":1,"1":1,"2":1,"3":1,"4":1,"5":1,"6":8,"7":7,"8":6,"9":5,"10":4,"11":4,"12":3,"13":3,"14":3,"15":3,"16":1,"17":2,"18":2,"19":2,"20":2,"21":0,"22":1,"23":1,"24":1},"f":{"0":8,"1":3,"2":2},"b":{"0":[1,2],"1":[0,1],"2":[2,1]},"_coverageSchema":"1a1c01bbd47fc00a2c39e90264f33305004495a9","hash":"e049549e03fb9e0b314720ce92c40cc1e22bfbc3","contentHash":"d17b25ba3066d939e8491cab9be852cd24bce54d6225f699c7d02d27379628ae"},"/home/marcgm97/bootcamp/collab/skylab-bootcamp-202004/staff/marc-guillemas/qrmenu/qrmenu-server-logic/add-dishes-to-order.spec.js":{"path":"/home/marcgm97/bootcamp/collab/skylab-bootcamp-202004/staff/marc-guillemas/qrmenu/qrmenu-server-logic/add-dishes-to-order.spec.js","statementMap":{"0":{"start":{"line":1,"column":0},"end":{"line":1,"column":26}},"1":{"start":{"line":2,"column":47},"end":{"line":2,"column":54}},"2":{"start":{"line":3,"column":46},"end":{"line":3,"column":68}},"3":{"start":{"line":4,"column":25},"end":{"line":4,"column":57}},"4":{"start":{"line":5,"column":17},"end":{"line":5,"column":21}},"5":{"start":{"line":6,"column":15},"end":{"line":6,"column":34}},"6":{"start":{"line":7,"column":17},"end":{"line":7,"column":32}},"7":{"start":{"line":8,"column":46},"end":{"line":8,"column":71}},"8":{"start":{"line":9,"column":14},"end":{"line":9,"column":57}},"9":{"start":{"line":10,"column":19},"end":{"line":10,"column":35}},"10":{"start":{"line":11,"column":29},"end":{"line":11,"column":61}},"11":{"start":{"line":14,"column":0},"end":{"line":118,"column":2}},"12":{"start":{"line":16,"column":4},"end":{"line":19,"column":6}},"13":{"start":{"line":17,"column":7},"end":{"line":17,"column":42}},"14":{"start":{"line":18,"column":7},"end":{"line":18,"column":39}},"15":{"start":{"line":22,"column":4},"end":{"line":40,"column":6}},"16":{"start":{"line":23,"column":8},"end":{"line":23,"column":40}},"17":{"start":{"line":25,"column":8},"end":{"line":25,"column":50}},"18":{"start":{"line":26,"column":8},"end":{"line":26,"column":32}},"19":{"start":{"line":27,"column":8},"end":{"line":27,"column":43}},"20":{"start":{"line":28,"column":8},"end":{"line":28,"column":41}},"21":{"start":{"line":31,"column":8},"end":{"line":31,"column":33}},"22":{"start":{"line":32,"column":8},"end":{"line":32,"column":47}},"23":{"start":{"line":33,"column":8},"end":{"line":33,"column":39}},"24":{"start":{"line":34,"column":8},"end":{"line":34,"column":51}},"25":{"start":{"line":37,"column":8},"end":{"line":37,"column":39}},"26":{"start":{"line":38,"column":8},"end":{"line":38,"column":21}},"27":{"start":{"line":43,"column":4},"end":{"line":112,"column":6}},"28":{"start":{"line":45,"column":8},"end":{"line":55,"column":10}},"29":{"start":{"line":46,"column":26},"end":{"line":46,"column":57}},"30":{"start":{"line":47,"column":12},"end":{"line":47,"column":24}},"31":{"start":{"line":48,"column":35},"end":{"line":48,"column":204}},"32":{"start":{"line":50,"column":12},"end":{"line":50,"column":47}},"33":{"start":{"line":51,"column":12},"end":{"line":51,"column":49}},"34":{"start":{"line":52,"column":12},"end":{"line":52,"column":48}},"35":{"start":{"line":53,"column":12},"end":{"line":53,"column":102}},"36":{"start":{"line":57,"column":8},"end":{"line":70,"column":10}},"37":{"start":{"line":59,"column":12},"end":{"line":59,"column":70}},"38":{"start":{"line":61,"column":38},"end":{"line":61,"column":83}},"39":{"start":{"line":63,"column":12},"end":{"line":63,"column":36}},"40":{"start":{"line":64,"column":12},"end":{"line":64,"column":45}},"41":{"start":{"line":65,"column":12},"end":{"line":65,"column":39}},"42":{"start":{"line":66,"column":12},"end":{"line":66,"column":52}},"43":{"start":{"line":67,"column":12},"end":{"line":67,"column":67}},"44":{"start":{"line":68,"column":12},"end":{"line":68,"column":53}},"45":{"start":{"line":69,"column":12},"end":{"line":69,"column":77}},"46":{"start":{"line":72,"column":8},"end":{"line":85,"column":10}},"47":{"start":{"line":75,"column":12},"end":{"line":83,"column":13}},"48":{"start":{"line":76,"column":16},"end":{"line":76,"column":84}},"49":{"start":{"line":77,"column":16},"end":{"line":77,"column":62}},"50":{"start":{"line":80,"column":16},"end":{"line":80,"column":38}},"51":{"start":{"line":81,"column":16},"end":{"line":81,"column":67}},"52":{"start":{"line":82,"column":16},"end":{"line":82,"column":111}},"53":{"start":{"line":87,"column":8},"end":{"line":100,"column":10}},"54":{"start":{"line":90,"column":12},"end":{"line":98,"column":13}},"55":{"start":{"line":91,"column":16},"end":{"line":91,"column":93}},"56":{"start":{"line":92,"column":16},"end":{"line":92,"column":62}},"57":{"start":{"line":95,"column":16},"end":{"line":95,"column":38}},"58":{"start":{"line":96,"column":16},"end":{"line":96,"column":67}},"59":{"start":{"line":97,"column":16},"end":{"line":97,"column":103}},"60":{"start":{"line":102,"column":8},"end":{"line":108,"column":10}},"61":{"start":{"line":104,"column":12},"end":{"line":104,"column":106}},"62":{"start":{"line":104,"column":25},"end":{"line":104,"column":66}},"63":{"start":{"line":105,"column":12},"end":{"line":105,"column":114}},"64":{"start":{"line":105,"column":25},"end":{"line":105,"column":74}},"65":{"start":{"line":106,"column":12},"end":{"line":106,"column":113}},"66":{"start":{"line":106,"column":25},"end":{"line":106,"column":73}},"67":{"start":{"line":114,"column":4},"end":{"line":117,"column":6}},"68":{"start":{"line":115,"column":8},"end":{"line":115,"column":40}},"69":{"start":{"line":116,"column":8},"end":{"line":116,"column":35}}},"fnMap":{"0":{"name":"(anonymous_0)","decl":{"start":{"line":14,"column":45},"end":{"line":14,"column":46}},"loc":{"start":{"line":14,"column":51},"end":{"line":118,"column":1}},"line":14},"1":{"name":"(anonymous_1)","decl":{"start":{"line":16,"column":11},"end":{"line":16,"column":12}},"loc":{"start":{"line":16,"column":22},"end":{"line":19,"column":5}},"line":16},"2":{"name":"(anonymous_2)","decl":{"start":{"line":22,"column":15},"end":{"line":22,"column":16}},"loc":{"start":{"line":22,"column":26},"end":{"line":40,"column":5}},"line":22},"3":{"name":"(anonymous_3)","decl":{"start":{"line":43,"column":35},"end":{"line":43,"column":36}},"loc":{"start":{"line":43,"column":41},"end":{"line":112,"column":5}},"line":43},"4":{"name":"(anonymous_4)","decl":{"start":{"line":45,"column":19},"end":{"line":45,"column":20}},"loc":{"start":{"line":45,"column":30},"end":{"line":55,"column":9}},"line":45},"5":{"name":"(anonymous_5)","decl":{"start":{"line":57,"column":74},"end":{"line":57,"column":75}},"loc":{"start":{"line":57,"column":85},"end":{"line":70,"column":9}},"line":57},"6":{"name":"(anonymous_6)","decl":{"start":{"line":72,"column":51},"end":{"line":72,"column":52}},"loc":{"start":{"line":72,"column":62},"end":{"line":85,"column":9}},"line":72},"7":{"name":"(anonymous_7)","decl":{"start":{"line":87,"column":45},"end":{"line":87,"column":46}},"loc":{"start":{"line":87,"column":56},"end":{"line":100,"column":9}},"line":87},"8":{"name":"(anonymous_8)","decl":{"start":{"line":102,"column":72},"end":{"line":102,"column":73}},"loc":{"start":{"line":102,"column":83},"end":{"line":108,"column":9}},"line":102},"9":{"name":"(anonymous_9)","decl":{"start":{"line":104,"column":19},"end":{"line":104,"column":20}},"loc":{"start":{"line":104,"column":25},"end":{"line":104,"column":66}},"line":104},"10":{"name":"(anonymous_10)","decl":{"start":{"line":105,"column":19},"end":{"line":105,"column":20}},"loc":{"start":{"line":105,"column":25},"end":{"line":105,"column":74}},"line":105},"11":{"name":"(anonymous_11)","decl":{"start":{"line":106,"column":19},"end":{"line":106,"column":20}},"loc":{"start":{"line":106,"column":25},"end":{"line":106,"column":73}},"line":106},"12":{"name":"(anonymous_12)","decl":{"start":{"line":114,"column":10},"end":{"line":114,"column":11}},"loc":{"start":{"line":114,"column":21},"end":{"line":117,"column":5}},"line":114}},"branchMap":{},"s":{"0":1,"1":1,"2":1,"3":1,"4":1,"5":1,"6":1,"7":1,"8":1,"9":1,"10":1,"11":1,"12":1,"13":1,"14":1,"15":1,"16":4,"17":4,"18":4,"19":4,"20":4,"21":4,"22":4,"23":4,"24":4,"25":4,"26":4,"27":1,"28":1,"29":4,"30":4,"31":4,"32":4,"33":4,"34":4,"35":4,"36":1,"37":1,"38":1,"39":1,"40":1,"41":1,"42":1,"43":1,"44":1,"45":1,"46":1,"47":1,"48":1,"49":0,"50":1,"51":1,"52":1,"53":1,"54":1,"55":1,"56":0,"57":1,"58":1,"59":1,"60":1,"61":1,"62":1,"63":1,"64":1,"65":1,"66":1,"67":1,"68":1,"69":1},"f":{"0":1,"1":1,"2":4,"3":1,"4":4,"5":1,"6":1,"7":1,"8":1,"9":1,"10":1,"11":1,"12":1},"b":{},"_coverageSchema":"1a1c01bbd47fc00a2c39e90264f33305004495a9","hash":"4e5a16ecd9c76575d422476af51b39f5629d5c2e","contentHash":"e25aadbf32d452067929a8a9cd77b0ce425073a8ed120d9dac97a809ca326d56"},"/home/marcgm97/bootcamp/collab/skylab-bootcamp-202004/staff/marc-guillemas/qrmenu/qrmenu-server-logic/add-dishes-to-order.js":{"path":"/home/marcgm97/bootcamp/collab/skylab-bootcamp-202004/staff/marc-guillemas/qrmenu/qrmenu-server-logic/add-dishes-to-order.js","statementMap":{"0":{"start":{"line":1,"column":52},"end":{"line":1,"column":74}},"1":{"start":{"line":2,"column":55},"end":{"line":2,"column":80}},"2":{"start":{"line":3,"column":0},"end":{"line":3,"column":42}},"3":{"start":{"line":4,"column":0},"end":{"line":4,"column":41}},"4":{"start":{"line":13,"column":0},"end":{"line":56,"column":1}},"5":{"start":{"line":14,"column":4},"end":{"line":14,"column":36}},"6":{"start":{"line":15,"column":4},"end":{"line":15,"column":28}},"7":{"start":{"line":16,"column":4},"end":{"line":16,"column":30}},"8":{"start":{"line":18,"column":4},"end":{"line":55,"column":8}},"9":{"start":{"line":21,"column":30},"end":{"line":21,"column":75}},"10":{"start":{"line":23,"column":8},"end":{"line":23,"column":112}},"11":{"start":{"line":23,"column":27},"end":{"line":23,"column":112}},"12":{"start":{"line":25,"column":41},"end":{"line":25,"column":54}},"13":{"start":{"line":27,"column":22},"end":{"line":27,"column":66}},"14":{"start":{"line":27,"column":44},"end":{"line":27,"column":65}},"15":{"start":{"line":29,"column":8},"end":{"line":29,"column":88}},"16":{"start":{"line":29,"column":19},"end":{"line":29,"column":88}},"17":{"start":{"line":31,"column":8},"end":{"line":31,"column":74}},"18":{"start":{"line":31,"column":26},"end":{"line":31,"column":74}},"19":{"start":{"line":33,"column":22},"end":{"line":33,"column":97}},"20":{"start":{"line":33,"column":44},"end":{"line":33,"column":96}},"21":{"start":{"line":35,"column":8},"end":{"line":35,"column":81}},"22":{"start":{"line":35,"column":19},"end":{"line":35,"column":81}},"23":{"start":{"line":37,"column":29},"end":{"line":37,"column":34}},"24":{"start":{"line":39,"column":8},"end":{"line":50,"column":12}},"25":{"start":{"line":41,"column":26},"end":{"line":41,"column":65}},"26":{"start":{"line":41,"column":47},"end":{"line":41,"column":64}},"27":{"start":{"line":43,"column":12},"end":{"line":43,"column":51}},"28":{"start":{"line":45,"column":12},"end":{"line":45,"column":89}},"29":{"start":{"line":45,"column":24},"end":{"line":45,"column":89}},"30":{"start":{"line":47,"column":12},"end":{"line":49,"column":15}},"31":{"start":{"line":53,"column":8},"end":{"line":53,"column":34}}},"fnMap":{"0":{"name":"(anonymous_0)","decl":{"start":{"line":13,"column":17},"end":{"line":13,"column":18}},"loc":{"start":{"line":13,"column":59},"end":{"line":56,"column":1}},"line":13},"1":{"name":"(anonymous_1)","decl":{"start":{"line":18,"column":12},"end":{"line":18,"column":13}},"loc":{"start":{"line":18,"column":23},"end":{"line":55,"column":5}},"line":18},"2":{"name":"(anonymous_2)","decl":{"start":{"line":27,"column":34},"end":{"line":27,"column":35}},"loc":{"start":{"line":27,"column":44},"end":{"line":27,"column":65}},"line":27},"3":{"name":"(anonymous_3)","decl":{"start":{"line":33,"column":34},"end":{"line":33,"column":35}},"loc":{"start":{"line":33,"column":44},"end":{"line":33,"column":96}},"line":33},"4":{"name":"(anonymous_4)","decl":{"start":{"line":39,"column":41},"end":{"line":39,"column":42}},"loc":{"start":{"line":39,"column":55},"end":{"line":50,"column":9}},"line":39},"5":{"name":"(anonymous_5)","decl":{"start":{"line":41,"column":38},"end":{"line":41,"column":39}},"loc":{"start":{"line":41,"column":47},"end":{"line":41,"column":64}},"line":41}},"branchMap":{"0":{"loc":{"start":{"line":23,"column":8},"end":{"line":23,"column":112}},"type":"if","locations":[{"start":{"line":23,"column":8},"end":{"line":23,"column":112}},{"start":{"line":23,"column":8},"end":{"line":23,"column":112}}],"line":23},"1":{"loc":{"start":{"line":29,"column":8},"end":{"line":29,"column":88}},"type":"if","locations":[{"start":{"line":29,"column":8},"end":{"line":29,"column":88}},{"start":{"line":29,"column":8},"end":{"line":29,"column":88}}],"line":29},"2":{"loc":{"start":{"line":31,"column":8},"end":{"line":31,"column":74}},"type":"if","locations":[{"start":{"line":31,"column":8},"end":{"line":31,"column":74}},{"start":{"line":31,"column":8},"end":{"line":31,"column":74}}],"line":31},"3":{"loc":{"start":{"line":33,"column":44},"end":{"line":33,"column":96}},"type":"binary-expr","locations":[{"start":{"line":33,"column":44},"end":{"line":33,"column":70}},{"start":{"line":33,"column":74},"end":{"line":33,"column":96}}],"line":33},"4":{"loc":{"start":{"line":35,"column":8},"end":{"line":35,"column":81}},"type":"if","locations":[{"start":{"line":35,"column":8},"end":{"line":35,"column":81}},{"start":{"line":35,"column":8},"end":{"line":35,"column":81}}],"line":35},"5":{"loc":{"start":{"line":45,"column":12},"end":{"line":45,"column":89}},"type":"if","locations":[{"start":{"line":45,"column":12},"end":{"line":45,"column":89}},{"start":{"line":45,"column":12},"end":{"line":45,"column":89}}],"line":45}},"s":{"0":1,"1":1,"2":1,"3":1,"4":1,"5":6,"6":5,"7":4,"8":3,"9":3,"10":3,"11":1,"12":2,"13":2,"14":2,"15":2,"16":1,"17":1,"18":0,"19":1,"20":1,"21":1,"22":0,"23":1,"24":1,"25":1,"26":1,"27":1,"28":1,"29":0,"30":1,"31":1},"f":{"0":6,"1":3,"2":2,"3":1,"4":1,"5":1},"b":{"0":[1,2],"1":[1,1],"2":[0,1],"3":[1,1],"4":[0,1],"5":[0,1]},"_coverageSchema":"1a1c01bbd47fc00a2c39e90264f33305004495a9","hash":"ea4057b70200b38204793796d3257c9f7eb49943","contentHash":"ebc3c432f940ced295ac1c477878d676eb7da2d51aae063a5ec0d0dd04f2073d"},"/home/marcgm97/bootcamp/collab/skylab-bootcamp-202004/staff/marc-guillemas/qrmenu/qrmenu-server-logic/assign-num-of-tables.spec.js":{"path":"/home/marcgm97/bootcamp/collab/skylab-bootcamp-202004/staff/marc-guillemas/qrmenu/qrmenu-server-logic/assign-num-of-tables.spec.js","statementMap":{"0":{"start":{"line":1,"column":0},"end":{"line":1,"column":26}},"1":{"start":{"line":2,"column":47},"end":{"line":2,"column":54}},"2":{"start":{"line":3,"column":46},"end":{"line":3,"column":68}},"3":{"start":{"line":4,"column":46},"end":{"line":4,"column":71}},"4":{"start":{"line":5,"column":26},"end":{"line":5,"column":59}},"5":{"start":{"line":6,"column":17},"end":{"line":6,"column":21}},"6":{"start":{"line":7,"column":15},"end":{"line":7,"column":34}},"7":{"start":{"line":8,"column":17},"end":{"line":8,"column":32}},"8":{"start":{"line":9,"column":29},"end":{"line":9,"column":61}},"9":{"start":{"line":11,"column":0},"end":{"line":75,"column":2}},"10":{"start":{"line":13,"column":4},"end":{"line":13,"column":47}},"11":{"start":{"line":13,"column":17},"end":{"line":13,"column":46}},"12":{"start":{"line":17,"column":4},"end":{"line":29,"column":6}},"13":{"start":{"line":18,"column":8},"end":{"line":18,"column":40}},"14":{"start":{"line":21,"column":8},"end":{"line":21,"column":51}},"15":{"start":{"line":22,"column":8},"end":{"line":22,"column":28}},"16":{"start":{"line":23,"column":8},"end":{"line":23,"column":40}},"17":{"start":{"line":24,"column":8},"end":{"line":24,"column":40}},"18":{"start":{"line":25,"column":8},"end":{"line":25,"column":41}},"19":{"start":{"line":27,"column":8},"end":{"line":27,"column":46}},"20":{"start":{"line":32,"column":4},"end":{"line":65,"column":6}},"21":{"start":{"line":33,"column":8},"end":{"line":38,"column":10}},"22":{"start":{"line":34,"column":35},"end":{"line":34,"column":132}},"23":{"start":{"line":35,"column":12},"end":{"line":35,"column":47}},"24":{"start":{"line":37,"column":12},"end":{"line":37,"column":49}},"25":{"start":{"line":40,"column":8},"end":{"line":49,"column":10}},"26":{"start":{"line":41,"column":12},"end":{"line":41,"column":71}},"27":{"start":{"line":43,"column":35},"end":{"line":43,"column":80}},"28":{"start":{"line":45,"column":29},"end":{"line":45,"column":43}},"29":{"start":{"line":47,"column":12},"end":{"line":47,"column":44}},"30":{"start":{"line":48,"column":12},"end":{"line":48,"column":52}},"31":{"start":{"line":51,"column":8},"end":{"line":61,"column":10}},"32":{"start":{"line":53,"column":12},"end":{"line":60,"column":13}},"33":{"start":{"line":54,"column":14},"end":{"line":54,"column":84}},"34":{"start":{"line":55,"column":16},"end":{"line":55,"column":62}},"35":{"start":{"line":57,"column":16},"end":{"line":57,"column":38}},"36":{"start":{"line":58,"column":16},"end":{"line":58,"column":67}},"37":{"start":{"line":59,"column":16},"end":{"line":59,"column":111}},"38":{"start":{"line":69,"column":4},"end":{"line":69,"column":47}},"39":{"start":{"line":69,"column":20},"end":{"line":69,"column":46}},"40":{"start":{"line":71,"column":4},"end":{"line":74,"column":6}},"41":{"start":{"line":72,"column":8},"end":{"line":72,"column":40}},"42":{"start":{"line":73,"column":8},"end":{"line":73,"column":35}}},"fnMap":{"0":{"name":"(anonymous_0)","decl":{"start":{"line":11,"column":46},"end":{"line":11,"column":47}},"loc":{"start":{"line":11,"column":52},"end":{"line":75,"column":1}},"line":11},"1":{"name":"(anonymous_1)","decl":{"start":{"line":13,"column":11},"end":{"line":13,"column":12}},"loc":{"start":{"line":13,"column":17},"end":{"line":13,"column":46}},"line":13},"2":{"name":"(anonymous_2)","decl":{"start":{"line":17,"column":15},"end":{"line":17,"column":16}},"loc":{"start":{"line":17,"column":26},"end":{"line":29,"column":5}},"line":17},"3":{"name":"(anonymous_3)","decl":{"start":{"line":32,"column":61},"end":{"line":32,"column":62}},"loc":{"start":{"line":32,"column":67},"end":{"line":65,"column":5}},"line":32},"4":{"name":"(anonymous_4)","decl":{"start":{"line":33,"column":19},"end":{"line":33,"column":20}},"loc":{"start":{"line":33,"column":30},"end":{"line":38,"column":9}},"line":33},"5":{"name":"(anonymous_5)","decl":{"start":{"line":40,"column":55},"end":{"line":40,"column":56}},"loc":{"start":{"line":40,"column":66},"end":{"line":49,"column":9}},"line":40},"6":{"name":"(anonymous_6)","decl":{"start":{"line":51,"column":52},"end":{"line":51,"column":53}},"loc":{"start":{"line":51,"column":63},"end":{"line":61,"column":9}},"line":51},"7":{"name":"(anonymous_7)","decl":{"start":{"line":69,"column":14},"end":{"line":69,"column":15}},"loc":{"start":{"line":69,"column":20},"end":{"line":69,"column":46}},"line":69},"8":{"name":"(anonymous_8)","decl":{"start":{"line":71,"column":10},"end":{"line":71,"column":11}},"loc":{"start":{"line":71,"column":21},"end":{"line":74,"column":5}},"line":71}},"branchMap":{},"s":{"0":1,"1":1,"2":1,"3":1,"4":1,"5":1,"6":1,"7":1,"8":1,"9":1,"10":1,"11":1,"12":1,"13":2,"14":2,"15":2,"16":2,"17":2,"18":2,"19":2,"20":1,"21":1,"22":2,"23":2,"24":2,"25":1,"26":1,"27":1,"28":1,"29":1,"30":1,"31":1,"32":1,"33":1,"34":0,"35":1,"36":1,"37":1,"38":1,"39":2,"40":1,"41":1,"42":1},"f":{"0":1,"1":1,"2":2,"3":1,"4":2,"5":1,"6":1,"7":2,"8":1},"b":{},"_coverageSchema":"1a1c01bbd47fc00a2c39e90264f33305004495a9","hash":"abd7721e66ccfe8b39b73d7ee6975e8ccd0a14cd","contentHash":"4801d55c78a7c8ba7aafd2b756b2c7e2e08e5e34830fe58e3bd455c04d1b770c"},"/home/marcgm97/bootcamp/collab/skylab-bootcamp-202004/staff/marc-guillemas/qrmenu/qrmenu-server-logic/assign-num-of-tables.js":{"path":"/home/marcgm97/bootcamp/collab/skylab-bootcamp-202004/staff/marc-guillemas/qrmenu/qrmenu-server-logic/assign-num-of-tables.js","statementMap":{"0":{"start":{"line":1,"column":0},"end":{"line":1,"column":42}},"1":{"start":{"line":2,"column":0},"end":{"line":2,"column":42}},"2":{"start":{"line":3,"column":59},"end":{"line":3,"column":84}},"3":{"start":{"line":4,"column":36},"end":{"line":4,"column":58}},"4":{"start":{"line":13,"column":0},"end":{"line":40,"column":1}},"5":{"start":{"line":14,"column":4},"end":{"line":14,"column":44}},"6":{"start":{"line":15,"column":4},"end":{"line":15,"column":37}},"7":{"start":{"line":16,"column":4},"end":{"line":16,"column":39}},"8":{"start":{"line":18,"column":4},"end":{"line":39,"column":8}},"9":{"start":{"line":19,"column":30},"end":{"line":19,"column":75}},"10":{"start":{"line":21,"column":8},"end":{"line":21,"column":112}},"11":{"start":{"line":21,"column":27},"end":{"line":21,"column":112}},"12":{"start":{"line":23,"column":32},"end":{"line":23,"column":45}},"13":{"start":{"line":25,"column":23},"end":{"line":25,"column":81}},"14":{"start":{"line":25,"column":45},"end":{"line":25,"column":80}},"15":{"start":{"line":27,"column":8},"end":{"line":27,"column":111}},"16":{"start":{"line":27,"column":36},"end":{"line":27,"column":111}},"17":{"start":{"line":29,"column":8},"end":{"line":29,"column":37}},"18":{"start":{"line":29,"column":26},"end":{"line":29,"column":37}},"19":{"start":{"line":31,"column":8},"end":{"line":33,"column":9}},"20":{"start":{"line":31,"column":24},"end":{"line":31,"column":25}},"21":{"start":{"line":32,"column":12},"end":{"line":32,"column":32}},"22":{"start":{"line":36,"column":8},"end":{"line":36,"column":80}},"23":{"start":{"line":38,"column":8},"end":{"line":38,"column":14}}},"fnMap":{"0":{"name":"(anonymous_0)","decl":{"start":{"line":13,"column":17},"end":{"line":13,"column":18}},"loc":{"start":{"line":13,"column":59},"end":{"line":40,"column":1}},"line":13},"1":{"name":"(anonymous_1)","decl":{"start":{"line":18,"column":12},"end":{"line":18,"column":13}},"loc":{"start":{"line":18,"column":23},"end":{"line":39,"column":5}},"line":18},"2":{"name":"(anonymous_2)","decl":{"start":{"line":25,"column":34},"end":{"line":25,"column":35}},"loc":{"start":{"line":25,"column":45},"end":{"line":25,"column":80}},"line":25}},"branchMap":{"0":{"loc":{"start":{"line":21,"column":8},"end":{"line":21,"column":112}},"type":"if","locations":[{"start":{"line":21,"column":8},"end":{"line":21,"column":112}},{"start":{"line":21,"column":8},"end":{"line":21,"column":112}}],"line":21},"1":{"loc":{"start":{"line":27,"column":8},"end":{"line":27,"column":111}},"type":"if","locations":[{"start":{"line":27,"column":8},"end":{"line":27,"column":111}},{"start":{"line":27,"column":8},"end":{"line":27,"column":111}}],"line":27},"2":{"loc":{"start":{"line":29,"column":8},"end":{"line":29,"column":37}},"type":"if","locations":[{"start":{"line":29,"column":8},"end":{"line":29,"column":37}},{"start":{"line":29,"column":8},"end":{"line":29,"column":37}}],"line":29}},"s":{"0":1,"1":1,"2":1,"3":1,"4":1,"5":2,"6":2,"7":2,"8":2,"9":2,"10":2,"11":1,"12":1,"13":1,"14":1,"15":1,"16":0,"17":1,"18":0,"19":1,"20":1,"21":5,"22":1,"23":1},"f":{"0":2,"1":2,"2":1},"b":{"0":[1,1],"1":[0,1],"2":[0,1]},"_coverageSchema":"1a1c01bbd47fc00a2c39e90264f33305004495a9","hash":"f6bc4eb5905cbd33f05ca0d4d3b6f2e5e5369ed4","contentHash":"e3e0805cf6c2bd13124d73187c0847a777948eb97d3fa36ec8c60958caf57ae5"},"/home/marcgm97/bootcamp/collab/skylab-bootcamp-202004/staff/marc-guillemas/qrmenu/qrmenu-server-logic/authenticate.spec.js":{"path":"/home/marcgm97/bootcamp/collab/skylab-bootcamp-202004/staff/marc-guillemas/qrmenu/qrmenu-server-logic/authenticate.spec.js","statementMap":{"0":{"start":{"line":1,"column":0},"end":{"line":1,"column":26}},"1":{"start":{"line":3,"column":51},"end":{"line":3,"column":58}},"2":{"start":{"line":5,"column":21},"end":{"line":5,"column":46}},"3":{"start":{"line":6,"column":19},"end":{"line":6,"column":23}},"4":{"start":{"line":7,"column":19},"end":{"line":7,"column":34}},"5":{"start":{"line":8,"column":0},"end":{"line":8,"column":40}},"6":{"start":{"line":9,"column":48},"end":{"line":9,"column":70}},"7":{"start":{"line":10,"column":15},"end":{"line":10,"column":34}},"8":{"start":{"line":11,"column":46},"end":{"line":11,"column":71}},"9":{"start":{"line":13,"column":0},"end":{"line":92,"column":2}},"10":{"start":{"line":14,"column":4},"end":{"line":14,"column":47}},"11":{"start":{"line":14,"column":17},"end":{"line":14,"column":46}},"12":{"start":{"line":18,"column":4},"end":{"line":29,"column":5}},"13":{"start":{"line":19,"column":8},"end":{"line":28,"column":36}},"14":{"start":{"line":21,"column":12},"end":{"line":21,"column":46}},"15":{"start":{"line":22,"column":12},"end":{"line":22,"column":32}},"16":{"start":{"line":23,"column":12},"end":{"line":23,"column":44}},"17":{"start":{"line":24,"column":12},"end":{"line":24,"column":44}},"18":{"start":{"line":26,"column":12},"end":{"line":26,"column":44}},"19":{"start":{"line":28,"column":23},"end":{"line":28,"column":35}},"20":{"start":{"line":31,"column":4},"end":{"line":76,"column":6}},"21":{"start":{"line":33,"column":8},"end":{"line":36,"column":9}},"22":{"start":{"line":34,"column":12},"end":{"line":35,"column":76}},"23":{"start":{"line":35,"column":40},"end":{"line":35,"column":75}},"24":{"start":{"line":38,"column":8},"end":{"line":52,"column":9}},"25":{"start":{"line":40,"column":12},"end":{"line":50,"column":13}},"26":{"start":{"line":42,"column":16},"end":{"line":46,"column":22}},"27":{"start":{"line":44,"column":24},"end":{"line":44,"column":46}},"28":{"start":{"line":45,"column":24},"end":{"line":45,"column":55}},"29":{"start":{"line":49,"column":16},"end":{"line":49,"column":40}},"30":{"start":{"line":54,"column":8},"end":{"line":63,"column":10}},"31":{"start":{"line":55,"column":12},"end":{"line":55,"column":32}},"32":{"start":{"line":57,"column":12},"end":{"line":62,"column":18}},"33":{"start":{"line":58,"column":30},"end":{"line":58,"column":76}},"34":{"start":{"line":60,"column":20},"end":{"line":60,"column":60}},"35":{"start":{"line":61,"column":20},"end":{"line":61,"column":68}},"36":{"start":{"line":65,"column":8},"end":{"line":74,"column":10}},"37":{"start":{"line":66,"column":12},"end":{"line":66,"column":36}},"38":{"start":{"line":68,"column":12},"end":{"line":73,"column":18}},"39":{"start":{"line":69,"column":30},"end":{"line":69,"column":76}},"40":{"start":{"line":71,"column":20},"end":{"line":71,"column":60}},"41":{"start":{"line":72,"column":20},"end":{"line":72,"column":94}},"42":{"start":{"line":80,"column":4},"end":{"line":87,"column":5}},"43":{"start":{"line":81,"column":8},"end":{"line":86,"column":14}},"44":{"start":{"line":82,"column":26},"end":{"line":82,"column":72}},"45":{"start":{"line":84,"column":16},"end":{"line":84,"column":56}},"46":{"start":{"line":85,"column":16},"end":{"line":85,"column":94}},"47":{"start":{"line":89,"column":4},"end":{"line":89,"column":47}},"48":{"start":{"line":89,"column":20},"end":{"line":89,"column":46}},"49":{"start":{"line":91,"column":4},"end":{"line":91,"column":30}}},"fnMap":{"0":{"name":"(anonymous_0)","decl":{"start":{"line":13,"column":38},"end":{"line":13,"column":39}},"loc":{"start":{"line":13,"column":44},"end":{"line":92,"column":1}},"line":13},"1":{"name":"(anonymous_1)","decl":{"start":{"line":14,"column":11},"end":{"line":14,"column":12}},"loc":{"start":{"line":14,"column":17},"end":{"line":14,"column":46}},"line":14},"2":{"name":"(anonymous_2)","decl":{"start":{"line":18,"column":15},"end":{"line":18,"column":16}},"loc":{"start":{"line":19,"column":8},"end":{"line":28,"column":36}},"line":19},"3":{"name":"(anonymous_3)","decl":{"start":{"line":20,"column":14},"end":{"line":20,"column":15}},"loc":{"start":{"line":20,"column":20},"end":{"line":27,"column":9}},"line":20},"4":{"name":"(anonymous_4)","decl":{"start":{"line":28,"column":14},"end":{"line":28,"column":15}},"loc":{"start":{"line":28,"column":23},"end":{"line":28,"column":35}},"line":28},"5":{"name":"(anonymous_5)","decl":{"start":{"line":31,"column":41},"end":{"line":31,"column":42}},"loc":{"start":{"line":31,"column":47},"end":{"line":76,"column":5}},"line":31},"6":{"name":"(anonymous_6)","decl":{"start":{"line":33,"column":19},"end":{"line":33,"column":20}},"loc":{"start":{"line":34,"column":12},"end":{"line":35,"column":76}},"line":34},"7":{"name":"(anonymous_7)","decl":{"start":{"line":35,"column":22},"end":{"line":35,"column":23}},"loc":{"start":{"line":35,"column":40},"end":{"line":35,"column":75}},"line":35},"8":{"name":"(anonymous_8)","decl":{"start":{"line":38,"column":52},"end":{"line":38,"column":53}},"loc":{"start":{"line":38,"column":58},"end":{"line":51,"column":9}},"line":38},"9":{"name":"(anonymous_9)","decl":{"start":{"line":43,"column":26},"end":{"line":43,"column":27}},"loc":{"start":{"line":43,"column":35},"end":{"line":46,"column":21}},"line":43},"10":{"name":"(anonymous_10)","decl":{"start":{"line":54,"column":44},"end":{"line":54,"column":45}},"loc":{"start":{"line":54,"column":50},"end":{"line":63,"column":9}},"line":54},"11":{"name":"(anonymous_11)","decl":{"start":{"line":58,"column":22},"end":{"line":58,"column":23}},"loc":{"start":{"line":58,"column":28},"end":{"line":58,"column":78}},"line":58},"12":{"name":"(anonymous_12)","decl":{"start":{"line":59,"column":23},"end":{"line":59,"column":24}},"loc":{"start":{"line":59,"column":32},"end":{"line":62,"column":17}},"line":59},"13":{"name":"(anonymous_13)","decl":{"start":{"line":65,"column":41},"end":{"line":65,"column":42}},"loc":{"start":{"line":65,"column":47},"end":{"line":74,"column":9}},"line":65},"14":{"name":"(anonymous_14)","decl":{"start":{"line":69,"column":22},"end":{"line":69,"column":23}},"loc":{"start":{"line":69,"column":28},"end":{"line":69,"column":78}},"line":69},"15":{"name":"(anonymous_15)","decl":{"start":{"line":70,"column":23},"end":{"line":70,"column":24}},"loc":{"start":{"line":70,"column":32},"end":{"line":73,"column":17}},"line":70},"16":{"name":"(anonymous_16)","decl":{"start":{"line":80,"column":56},"end":{"line":80,"column":57}},"loc":{"start":{"line":81,"column":8},"end":{"line":86,"column":14}},"line":81},"17":{"name":"(anonymous_17)","decl":{"start":{"line":82,"column":18},"end":{"line":82,"column":19}},"loc":{"start":{"line":82,"column":24},"end":{"line":82,"column":74}},"line":82},"18":{"name":"(anonymous_18)","decl":{"start":{"line":83,"column":19},"end":{"line":83,"column":20}},"loc":{"start":{"line":83,"column":28},"end":{"line":86,"column":13}},"line":83},"19":{"name":"(anonymous_19)","decl":{"start":{"line":89,"column":14},"end":{"line":89,"column":15}},"loc":{"start":{"line":89,"column":20},"end":{"line":89,"column":46}},"line":89}},"branchMap":{},"s":{"0":1,"1":1,"2":1,"3":1,"4":1,"5":1,"6":1,"7":1,"8":1,"9":1,"10":1,"11":1,"12":1,"13":4,"14":4,"15":4,"16":4,"17":4,"18":4,"19":4,"20":1,"21":1,"22":3,"23":3,"24":1,"25":1,"26":1,"27":1,"28":1,"29":0,"30":1,"31":1,"32":1,"33":0,"34":1,"35":1,"36":1,"37":1,"38":1,"39":0,"40":1,"41":1,"42":1,"43":1,"44":0,"45":1,"46":1,"47":1,"48":4,"49":1},"f":{"0":1,"1":1,"2":4,"3":4,"4":4,"5":1,"6":3,"7":3,"8":1,"9":1,"10":1,"11":0,"12":1,"13":1,"14":0,"15":1,"16":1,"17":0,"18":1,"19":4},"b":{},"_coverageSchema":"1a1c01bbd47fc00a2c39e90264f33305004495a9","hash":"98ee202dff6223495b95a129f0ea0b82b9de0c7d","contentHash":"31e55a97aacc903096dc0a8425facba34f6ef45ce1b15bbc4ddef65921aab515"},"/home/marcgm97/bootcamp/collab/skylab-bootcamp-202004/staff/marc-guillemas/qrmenu/qrmenu-server-logic/authenticate.js":{"path":"/home/marcgm97/bootcamp/collab/skylab-bootcamp-202004/staff/marc-guillemas/qrmenu/qrmenu-server-logic/authenticate.js","statementMap":{"0":{"start":{"line":1,"column":0},"end":{"line":1,"column":42}},"1":{"start":{"line":2,"column":0},"end":{"line":2,"column":40}},"2":{"start":{"line":3,"column":80},"end":{"line":3,"column":105}},"3":{"start":{"line":4,"column":36},"end":{"line":4,"column":58}},"4":{"start":{"line":5,"column":15},"end":{"line":5,"column":34}},"5":{"start":{"line":12,"column":0},"end":{"line":39,"column":1}},"6":{"start":{"line":14,"column":4},"end":{"line":14,"column":32}},"7":{"start":{"line":15,"column":4},"end":{"line":15,"column":21}},"8":{"start":{"line":16,"column":4},"end":{"line":16,"column":34}},"9":{"start":{"line":17,"column":4},"end":{"line":17,"column":25}},"10":{"start":{"line":18,"column":4},"end":{"line":18,"column":37}},"11":{"start":{"line":21,"column":4},"end":{"line":38,"column":8}},"12":{"start":{"line":22,"column":30},"end":{"line":22,"column":66}},"13":{"start":{"line":24,"column":8},"end":{"line":24,"column":101}},"14":{"start":{"line":24,"column":27},"end":{"line":24,"column":101}},"15":{"start":{"line":26,"column":24},"end":{"line":26,"column":37}},"16":{"start":{"line":28,"column":21},"end":{"line":28,"column":63}},"17":{"start":{"line":28,"column":41},"end":{"line":28,"column":62}},"18":{"start":{"line":30,"column":8},"end":{"line":30,"column":88}},"19":{"start":{"line":30,"column":18},"end":{"line":30,"column":88}},"20":{"start":{"line":32,"column":22},"end":{"line":32,"column":67}},"21":{"start":{"line":34,"column":8},"end":{"line":34,"column":63}},"22":{"start":{"line":34,"column":19},"end":{"line":34,"column":63}},"23":{"start":{"line":36,"column":22},"end":{"line":36,"column":78}},"24":{"start":{"line":37,"column":8},"end":{"line":37,"column":20}}},"fnMap":{"0":{"name":"(anonymous_0)","decl":{"start":{"line":12,"column":17},"end":{"line":12,"column":18}},"loc":{"start":{"line":12,"column":43},"end":{"line":39,"column":1}},"line":12},"1":{"name":"(anonymous_1)","decl":{"start":{"line":21,"column":12},"end":{"line":21,"column":13}},"loc":{"start":{"line":21,"column":23},"end":{"line":38,"column":5}},"line":21},"2":{"name":"(anonymous_2)","decl":{"start":{"line":28,"column":32},"end":{"line":28,"column":33}},"loc":{"start":{"line":28,"column":41},"end":{"line":28,"column":62}},"line":28}},"branchMap":{"0":{"loc":{"start":{"line":24,"column":8},"end":{"line":24,"column":101}},"type":"if","locations":[{"start":{"line":24,"column":8},"end":{"line":24,"column":101}},{"start":{"line":24,"column":8},"end":{"line":24,"column":101}}],"line":24},"1":{"loc":{"start":{"line":30,"column":8},"end":{"line":30,"column":88}},"type":"if","locations":[{"start":{"line":30,"column":8},"end":{"line":30,"column":88}},{"start":{"line":30,"column":8},"end":{"line":30,"column":88}}],"line":30},"2":{"loc":{"start":{"line":34,"column":8},"end":{"line":34,"column":63}},"type":"if","locations":[{"start":{"line":34,"column":8},"end":{"line":34,"column":63}},{"start":{"line":34,"column":8},"end":{"line":34,"column":63}}],"line":34}},"s":{"0":1,"1":1,"2":1,"3":1,"4":1,"5":1,"6":4,"7":4,"8":4,"9":4,"10":4,"11":4,"12":4,"13":4,"14":1,"15":3,"16":3,"17":3,"18":3,"19":1,"20":2,"21":2,"22":1,"23":1,"24":1},"f":{"0":4,"1":4,"2":3},"b":{"0":[1,3],"1":[1,2],"2":[1,1]},"_coverageSchema":"1a1c01bbd47fc00a2c39e90264f33305004495a9","hash":"94cd6b45f0900184e241f7441ce9d426df583316","contentHash":"609d8db7914fe73f2d72bd3e93a60b69100facd123aab9f35433ae45d948c46d"},"/home/marcgm97/bootcamp/collab/skylab-bootcamp-202004/staff/marc-guillemas/qrmenu/qrmenu-server-logic/register-establishment.spec.js":{"path":"/home/marcgm97/bootcamp/collab/skylab-bootcamp-202004/staff/marc-guillemas/qrmenu/qrmenu-server-logic/register-establishment.spec.js","statementMap":{"0":{"start":{"line":1,"column":0},"end":{"line":1,"column":26}},"1":{"start":{"line":3,"column":47},"end":{"line":3,"column":54}},"2":{"start":{"line":5,"column":30},"end":{"line":5,"column":65}},"3":{"start":{"line":6,"column":19},"end":{"line":6,"column":23}},"4":{"start":{"line":7,"column":19},"end":{"line":7,"column":34}},"5":{"start":{"line":8,"column":48},"end":{"line":8,"column":73}},"6":{"start":{"line":9,"column":15},"end":{"line":9,"column":34}},"7":{"start":{"line":10,"column":48},"end":{"line":10,"column":70}},"8":{"start":{"line":12,"column":0},"end":{"line":68,"column":2}},"9":{"start":{"line":13,"column":4},"end":{"line":13,"column":47}},"10":{"start":{"line":13,"column":17},"end":{"line":13,"column":46}},"11":{"start":{"line":17,"column":4},"end":{"line":25,"column":5}},"12":{"start":{"line":18,"column":8},"end":{"line":24,"column":14}},"13":{"start":{"line":20,"column":16},"end":{"line":20,"column":50}},"14":{"start":{"line":21,"column":16},"end":{"line":21,"column":36}},"15":{"start":{"line":22,"column":16},"end":{"line":22,"column":48}},"16":{"start":{"line":23,"column":16},"end":{"line":23,"column":48}},"17":{"start":{"line":27,"column":4},"end":{"line":45,"column":6}},"18":{"start":{"line":28,"column":23},"end":{"line":28,"column":87}},"19":{"start":{"line":30,"column":8},"end":{"line":30,"column":38}},"20":{"start":{"line":32,"column":31},"end":{"line":32,"column":57}},"21":{"start":{"line":34,"column":8},"end":{"line":34,"column":49}},"22":{"start":{"line":36,"column":33},"end":{"line":36,"column":47}},"23":{"start":{"line":38,"column":8},"end":{"line":38,"column":68}},"24":{"start":{"line":39,"column":8},"end":{"line":39,"column":48}},"25":{"start":{"line":40,"column":8},"end":{"line":40,"column":61}},"26":{"start":{"line":42,"column":22},"end":{"line":42,"column":86}},"27":{"start":{"line":44,"column":8},"end":{"line":44,"column":32}},"28":{"start":{"line":47,"column":4},"end":{"line":62,"column":6}},"29":{"start":{"line":48,"column":8},"end":{"line":48,"column":87}},"30":{"start":{"line":48,"column":25},"end":{"line":48,"column":86}},"31":{"start":{"line":50,"column":8},"end":{"line":61,"column":10}},"32":{"start":{"line":51,"column":12},"end":{"line":60,"column":13}},"33":{"start":{"line":52,"column":16},"end":{"line":52,"column":80}},"34":{"start":{"line":54,"column":16},"end":{"line":54,"column":62}},"35":{"start":{"line":56,"column":16},"end":{"line":56,"column":38}},"36":{"start":{"line":58,"column":16},"end":{"line":58,"column":56}},"37":{"start":{"line":59,"column":16},"end":{"line":59,"column":85}},"38":{"start":{"line":64,"column":4},"end":{"line":64,"column":47}},"39":{"start":{"line":64,"column":20},"end":{"line":64,"column":46}},"40":{"start":{"line":67,"column":4},"end":{"line":67,"column":38}},"41":{"start":{"line":67,"column":16},"end":{"line":67,"column":37}}},"fnMap":{"0":{"name":"(anonymous_0)","decl":{"start":{"line":12,"column":43},"end":{"line":12,"column":44}},"loc":{"start":{"line":12,"column":49},"end":{"line":68,"column":1}},"line":12},"1":{"name":"(anonymous_1)","decl":{"start":{"line":13,"column":11},"end":{"line":13,"column":12}},"loc":{"start":{"line":13,"column":17},"end":{"line":13,"column":46}},"line":13},"2":{"name":"(anonymous_2)","decl":{"start":{"line":17,"column":15},"end":{"line":17,"column":16}},"loc":{"start":{"line":18,"column":8},"end":{"line":24,"column":14}},"line":18},"3":{"name":"(anonymous_3)","decl":{"start":{"line":19,"column":18},"end":{"line":19,"column":19}},"loc":{"start":{"line":19,"column":24},"end":{"line":24,"column":13}},"line":19},"4":{"name":"(anonymous_4)","decl":{"start":{"line":27,"column":39},"end":{"line":27,"column":40}},"loc":{"start":{"line":27,"column":51},"end":{"line":45,"column":5}},"line":27},"5":{"name":"(anonymous_5)","decl":{"start":{"line":47,"column":50},"end":{"line":47,"column":51}},"loc":{"start":{"line":47,"column":56},"end":{"line":62,"column":5}},"line":47},"6":{"name":"(anonymous_6)","decl":{"start":{"line":48,"column":19},"end":{"line":48,"column":20}},"loc":{"start":{"line":48,"column":25},"end":{"line":48,"column":86}},"line":48},"7":{"name":"(anonymous_7)","decl":{"start":{"line":50,"column":65},"end":{"line":50,"column":66}},"loc":{"start":{"line":50,"column":77},"end":{"line":61,"column":9}},"line":50},"8":{"name":"(anonymous_8)","decl":{"start":{"line":64,"column":14},"end":{"line":64,"column":15}},"loc":{"start":{"line":64,"column":20},"end":{"line":64,"column":46}},"line":64},"9":{"name":"(anonymous_9)","decl":{"start":{"line":67,"column":10},"end":{"line":67,"column":11}},"loc":{"start":{"line":67,"column":16},"end":{"line":67,"column":37}},"line":67}},"branchMap":{},"s":{"0":1,"1":1,"2":1,"3":1,"4":1,"5":1,"6":1,"7":1,"8":1,"9":1,"10":1,"11":1,"12":2,"13":2,"14":2,"15":2,"16":2,"17":1,"18":1,"19":1,"20":1,"21":1,"22":1,"23":1,"24":1,"25":1,"26":1,"27":1,"28":1,"29":1,"30":1,"31":1,"32":1,"33":1,"34":0,"35":1,"36":1,"37":1,"38":1,"39":2,"40":1,"41":1},"f":{"0":1,"1":1,"2":2,"3":2,"4":1,"5":1,"6":1,"7":1,"8":2,"9":1},"b":{},"_coverageSchema":"1a1c01bbd47fc00a2c39e90264f33305004495a9","hash":"c2434c3ee360c2e685232c80f8ed22e420ca63ef","contentHash":"cb48925cc99a8361ac50a4b5d4f21408b62d0e2d9a29eb70ef4877a2817787d5"},"/home/marcgm97/bootcamp/collab/skylab-bootcamp-202004/staff/marc-guillemas/qrmenu/qrmenu-server-logic/register-establishment.js":{"path":"/home/marcgm97/bootcamp/collab/skylab-bootcamp-202004/staff/marc-guillemas/qrmenu/qrmenu-server-logic/register-establishment.js","statementMap":{"0":{"start":{"line":1,"column":0},"end":{"line":1,"column":42}},"1":{"start":{"line":2,"column":0},"end":{"line":2,"column":40}},"2":{"start":{"line":3,"column":61},"end":{"line":3,"column":86}},"3":{"start":{"line":4,"column":36},"end":{"line":4,"column":58}},"4":{"start":{"line":5,"column":15},"end":{"line":5,"column":34}},"5":{"start":{"line":15,"column":0},"end":{"line":35,"column":1}},"6":{"start":{"line":16,"column":4},"end":{"line":16,"column":42}},"7":{"start":{"line":17,"column":4},"end":{"line":17,"column":32}},"8":{"start":{"line":18,"column":4},"end":{"line":18,"column":21}},"9":{"start":{"line":19,"column":4},"end":{"line":19,"column":34}},"10":{"start":{"line":20,"column":4},"end":{"line":20,"column":25}},"11":{"start":{"line":21,"column":4},"end":{"line":21,"column":37}},"12":{"start":{"line":23,"column":4},"end":{"line":34,"column":8}},"13":{"start":{"line":25,"column":31},"end":{"line":25,"column":67}},"14":{"start":{"line":27,"column":8},"end":{"line":27,"column":90}},"15":{"start":{"line":27,"column":27},"end":{"line":27,"column":90}},"16":{"start":{"line":29,"column":21},"end":{"line":29,"column":52}},"17":{"start":{"line":31,"column":8},"end":{"line":31,"column":106}},"18":{"start":{"line":33,"column":8},"end":{"line":33,"column":14}}},"fnMap":{"0":{"name":"(anonymous_0)","decl":{"start":{"line":15,"column":17},"end":{"line":15,"column":18}},"loc":{"start":{"line":15,"column":58},"end":{"line":35,"column":1}},"line":15},"1":{"name":"(anonymous_1)","decl":{"start":{"line":23,"column":12},"end":{"line":23,"column":13}},"loc":{"start":{"line":23,"column":23},"end":{"line":34,"column":5}},"line":23}},"branchMap":{"0":{"loc":{"start":{"line":27,"column":8},"end":{"line":27,"column":90}},"type":"if","locations":[{"start":{"line":27,"column":8},"end":{"line":27,"column":90}},{"start":{"line":27,"column":8},"end":{"line":27,"column":90}}],"line":27}},"s":{"0":1,"1":1,"2":1,"3":1,"4":1,"5":1,"6":2,"7":2,"8":2,"9":2,"10":2,"11":2,"12":2,"13":2,"14":2,"15":1,"16":1,"17":1,"18":1},"f":{"0":2,"1":2},"b":{"0":[1,1]},"_coverageSchema":"1a1c01bbd47fc00a2c39e90264f33305004495a9","hash":"a1a56752667abe1c6df736dec2366656f0846a5c","contentHash":"3ebda8daf56f5396d66b652f4a49963f0d1c32e5daab476798e4a5af986e2f2e"},"/home/marcgm97/bootcamp/collab/skylab-bootcamp-202004/staff/marc-guillemas/qrmenu/qrmenu-server-logic/register-worker.spec.js":{"path":"/home/marcgm97/bootcamp/collab/skylab-bootcamp-202004/staff/marc-guillemas/qrmenu/qrmenu-server-logic/register-worker.spec.js","statementMap":{"0":{"start":{"line":1,"column":0},"end":{"line":1,"column":26}},"1":{"start":{"line":2,"column":47},"end":{"line":2,"column":54}},"2":{"start":{"line":3,"column":46},"end":{"line":3,"column":68}},"3":{"start":{"line":4,"column":23},"end":{"line":4,"column":51}},"4":{"start":{"line":5,"column":17},"end":{"line":5,"column":21}},"5":{"start":{"line":6,"column":15},"end":{"line":6,"column":34}},"6":{"start":{"line":7,"column":17},"end":{"line":7,"column":32}},"7":{"start":{"line":8,"column":46},"end":{"line":8,"column":71}},"8":{"start":{"line":9,"column":29},"end":{"line":9,"column":61}},"9":{"start":{"line":11,"column":0},"end":{"line":84,"column":2}},"10":{"start":{"line":12,"column":4},"end":{"line":15,"column":7}},"11":{"start":{"line":13,"column":8},"end":{"line":13,"column":43}},"12":{"start":{"line":14,"column":8},"end":{"line":14,"column":40}},"13":{"start":{"line":19,"column":4},"end":{"line":28,"column":6}},"14":{"start":{"line":20,"column":8},"end":{"line":20,"column":51}},"15":{"start":{"line":21,"column":8},"end":{"line":21,"column":28}},"16":{"start":{"line":22,"column":8},"end":{"line":22,"column":40}},"17":{"start":{"line":23,"column":8},"end":{"line":23,"column":40}},"18":{"start":{"line":25,"column":8},"end":{"line":25,"column":43}},"19":{"start":{"line":26,"column":8},"end":{"line":26,"column":21}},"20":{"start":{"line":27,"column":8},"end":{"line":27,"column":42}},"21":{"start":{"line":30,"column":4},"end":{"line":78,"column":6}},"22":{"start":{"line":31,"column":8},"end":{"line":38,"column":10}},"23":{"start":{"line":32,"column":25},"end":{"line":32,"column":56}},"24":{"start":{"line":33,"column":36},"end":{"line":33,"column":133}},"25":{"start":{"line":35,"column":12},"end":{"line":35,"column":47}},"26":{"start":{"line":36,"column":12},"end":{"line":36,"column":49}},"27":{"start":{"line":41,"column":8},"end":{"line":64,"column":10}},"28":{"start":{"line":42,"column":12},"end":{"line":42,"column":86}},"29":{"start":{"line":44,"column":28},"end":{"line":44,"column":73}},"30":{"start":{"line":47,"column":27},"end":{"line":47,"column":102}},"31":{"start":{"line":47,"column":49},"end":{"line":47,"column":101}},"32":{"start":{"line":50,"column":12},"end":{"line":50,"column":41}},"33":{"start":{"line":51,"column":12},"end":{"line":51,"column":50}},"34":{"start":{"line":52,"column":12},"end":{"line":52,"column":51}},"35":{"start":{"line":53,"column":12},"end":{"line":53,"column":40}},"36":{"start":{"line":54,"column":12},"end":{"line":54,"column":49}},"37":{"start":{"line":55,"column":12},"end":{"line":55,"column":46}},"38":{"start":{"line":57,"column":26},"end":{"line":57,"column":74}},"39":{"start":{"line":59,"column":12},"end":{"line":59,"column":44}},"40":{"start":{"line":60,"column":12},"end":{"line":60,"column":53}},"41":{"start":{"line":61,"column":12},"end":{"line":61,"column":34}},"42":{"start":{"line":62,"column":12},"end":{"line":62,"column":36}},"43":{"start":{"line":67,"column":8},"end":{"line":77,"column":10}},"44":{"start":{"line":68,"column":12},"end":{"line":76,"column":13}},"45":{"start":{"line":69,"column":16},"end":{"line":69,"column":101}},"46":{"start":{"line":70,"column":16},"end":{"line":70,"column":62}},"47":{"start":{"line":73,"column":16},"end":{"line":73,"column":38}},"48":{"start":{"line":74,"column":16},"end":{"line":74,"column":67}},"49":{"start":{"line":75,"column":16},"end":{"line":75,"column":111}},"50":{"start":{"line":80,"column":4},"end":{"line":83,"column":6}},"51":{"start":{"line":81,"column":8},"end":{"line":81,"column":40}},"52":{"start":{"line":82,"column":8},"end":{"line":82,"column":35}}},"fnMap":{"0":{"name":"(anonymous_0)","decl":{"start":{"line":11,"column":41},"end":{"line":11,"column":42}},"loc":{"start":{"line":11,"column":47},"end":{"line":84,"column":1}},"line":11},"1":{"name":"(anonymous_1)","decl":{"start":{"line":12,"column":11},"end":{"line":12,"column":12}},"loc":{"start":{"line":12,"column":22},"end":{"line":15,"column":6}},"line":12},"2":{"name":"(anonymous_2)","decl":{"start":{"line":19,"column":15},"end":{"line":19,"column":16}},"loc":{"start":{"line":19,"column":19},"end":{"line":28,"column":5}},"line":19},"3":{"name":"(anonymous_3)","decl":{"start":{"line":30,"column":46},"end":{"line":30,"column":47}},"loc":{"start":{"line":30,"column":50},"end":{"line":78,"column":5}},"line":30},"4":{"name":"(anonymous_4)","decl":{"start":{"line":31,"column":19},"end":{"line":31,"column":20}},"loc":{"start":{"line":31,"column":30},"end":{"line":38,"column":9}},"line":31},"5":{"name":"(anonymous_5)","decl":{"start":{"line":41,"column":47},"end":{"line":41,"column":48}},"loc":{"start":{"line":41,"column":58},"end":{"line":64,"column":9}},"line":41},"6":{"name":"(anonymous_6)","decl":{"start":{"line":47,"column":38},"end":{"line":47,"column":39}},"loc":{"start":{"line":47,"column":49},"end":{"line":47,"column":101}},"line":47},"7":{"name":"(anonymous_7)","decl":{"start":{"line":67,"column":52},"end":{"line":67,"column":53}},"loc":{"start":{"line":67,"column":63},"end":{"line":77,"column":9}},"line":67},"8":{"name":"(anonymous_8)","decl":{"start":{"line":80,"column":10},"end":{"line":80,"column":11}},"loc":{"start":{"line":80,"column":21},"end":{"line":83,"column":5}},"line":80}},"branchMap":{"0":{"loc":{"start":{"line":47,"column":49},"end":{"line":47,"column":101}},"type":"binary-expr","locations":[{"start":{"line":47,"column":49},"end":{"line":47,"column":75}},{"start":{"line":47,"column":80},"end":{"line":47,"column":101}}],"line":47}},"s":{"0":1,"1":1,"2":1,"3":1,"4":1,"5":1,"6":1,"7":1,"8":1,"9":1,"10":1,"11":1,"12":1,"13":1,"14":2,"15":2,"16":2,"17":2,"18":2,"19":2,"20":2,"21":1,"22":1,"23":2,"24":2,"25":2,"26":2,"27":1,"28":1,"29":1,"30":1,"31":2,"32":1,"33":1,"34":1,"35":1,"36":1,"37":1,"38":1,"39":1,"40":1,"41":1,"42":1,"43":1,"44":1,"45":1,"46":0,"47":1,"48":1,"49":1,"50":1,"51":1,"52":1},"f":{"0":1,"1":1,"2":2,"3":1,"4":2,"5":1,"6":2,"7":1,"8":1},"b":{"0":[2,1]},"_coverageSchema":"1a1c01bbd47fc00a2c39e90264f33305004495a9","hash":"81e2f4015b007518577a97fef4fceb0569422f23","contentHash":"60e7f0bc68dee0fcdc22f6439e9ba431ca9e585a0f82f4c60f9373c93cddc94e"},"/home/marcgm97/bootcamp/collab/skylab-bootcamp-202004/staff/marc-guillemas/qrmenu/qrmenu-server-logic/register-worker.js":{"path":"/home/marcgm97/bootcamp/collab/skylab-bootcamp-202004/staff/marc-guillemas/qrmenu/qrmenu-server-logic/register-worker.js","statementMap":{"0":{"start":{"line":1,"column":0},"end":{"line":1,"column":42}},"1":{"start":{"line":2,"column":58},"end":{"line":2,"column":80}},"2":{"start":{"line":3,"column":75},"end":{"line":3,"column":100}},"3":{"start":{"line":4,"column":15},"end":{"line":4,"column":34}},"4":{"start":{"line":15,"column":0},"end":{"line":49,"column":1}},"5":{"start":{"line":17,"column":4},"end":{"line":17,"column":44}},"6":{"start":{"line":18,"column":4},"end":{"line":18,"column":37}},"7":{"start":{"line":19,"column":4},"end":{"line":19,"column":34}},"8":{"start":{"line":20,"column":4},"end":{"line":20,"column":33}},"9":{"start":{"line":21,"column":4},"end":{"line":21,"column":37}},"10":{"start":{"line":23,"column":4},"end":{"line":48,"column":8}},"11":{"start":{"line":26,"column":30},"end":{"line":26,"column":75}},"12":{"start":{"line":27,"column":8},"end":{"line":27,"column":112}},"13":{"start":{"line":27,"column":27},"end":{"line":27,"column":112}},"14":{"start":{"line":29,"column":24},"end":{"line":29,"column":37}},"15":{"start":{"line":31,"column":24},"end":{"line":31,"column":89}},"16":{"start":{"line":31,"column":43},"end":{"line":31,"column":88}},"17":{"start":{"line":33,"column":8},"end":{"line":33,"column":116}},"18":{"start":{"line":33,"column":21},"end":{"line":33,"column":116}},"19":{"start":{"line":35,"column":22},"end":{"line":35,"column":62}},"20":{"start":{"line":35,"column":41},"end":{"line":35,"column":61}},"21":{"start":{"line":37,"column":8},"end":{"line":37,"column":86}},"22":{"start":{"line":37,"column":18},"end":{"line":37,"column":86}},"23":{"start":{"line":39,"column":21},"end":{"line":39,"column":51}},"24":{"start":{"line":41,"column":23},"end":{"line":41,"column":52}},"25":{"start":{"line":43,"column":8},"end":{"line":43,"column":26}},"26":{"start":{"line":45,"column":8},"end":{"line":45,"column":79}},"27":{"start":{"line":47,"column":8},"end":{"line":47,"column":14}}},"fnMap":{"0":{"name":"(anonymous_0)","decl":{"start":{"line":15,"column":17},"end":{"line":15,"column":18}},"loc":{"start":{"line":15,"column":71},"end":{"line":49,"column":1}},"line":15},"1":{"name":"(anonymous_1)","decl":{"start":{"line":23,"column":12},"end":{"line":23,"column":13}},"loc":{"start":{"line":23,"column":23},"end":{"line":48,"column":5}},"line":23},"2":{"name":"(anonymous_2)","decl":{"start":{"line":31,"column":35},"end":{"line":31,"column":36}},"loc":{"start":{"line":31,"column":43},"end":{"line":31,"column":88}},"line":31},"3":{"name":"(anonymous_3)","decl":{"start":{"line":35,"column":33},"end":{"line":35,"column":34}},"loc":{"start":{"line":35,"column":41},"end":{"line":35,"column":61}},"line":35}},"branchMap":{"0":{"loc":{"start":{"line":27,"column":8},"end":{"line":27,"column":112}},"type":"if","locations":[{"start":{"line":27,"column":8},"end":{"line":27,"column":112}},{"start":{"line":27,"column":8},"end":{"line":27,"column":112}}],"line":27},"1":{"loc":{"start":{"line":31,"column":43},"end":{"line":31,"column":88}},"type":"binary-expr","locations":[{"start":{"line":31,"column":43},"end":{"line":31,"column":63}},{"start":{"line":31,"column":67},"end":{"line":31,"column":88}}],"line":31},"2":{"loc":{"start":{"line":33,"column":8},"end":{"line":33,"column":116}},"type":"if","locations":[{"start":{"line":33,"column":8},"end":{"line":33,"column":116}},{"start":{"line":33,"column":8},"end":{"line":33,"column":116}}],"line":33},"3":{"loc":{"start":{"line":37,"column":8},"end":{"line":37,"column":86}},"type":"if","locations":[{"start":{"line":37,"column":8},"end":{"line":37,"column":86}},{"start":{"line":37,"column":8},"end":{"line":37,"column":86}}],"line":37}},"s":{"0":1,"1":1,"2":1,"3":1,"4":1,"5":2,"6":2,"7":2,"8":2,"9":2,"10":2,"11":2,"12":2,"13":1,"14":1,"15":1,"16":1,"17":1,"18":0,"19":1,"20":1,"21":1,"22":0,"23":1,"24":1,"25":1,"26":1,"27":1},"f":{"0":2,"1":2,"2":1,"3":1},"b":{"0":[1,1],"1":[1,1],"2":[0,1],"3":[0,1]},"_coverageSchema":"1a1c01bbd47fc00a2c39e90264f33305004495a9","hash":"649f60c7280f7590d55effe81b3d7d45a3c7497a","contentHash":"6736a97e062d2c5cf07e2d907221224c06128700708628bba2a191deb695477c"},"/home/marcgm97/bootcamp/collab/skylab-bootcamp-202004/staff/marc-guillemas/qrmenu/qrmenu-server-logic/retrieve-dishes.spec.js":{"path":"/home/marcgm97/bootcamp/collab/skylab-bootcamp-202004/staff/marc-guillemas/qrmenu/qrmenu-server-logic/retrieve-dishes.spec.js","statementMap":{"0":{"start":{"line":1,"column":0},"end":{"line":1,"column":26}},"1":{"start":{"line":2,"column":47},"end":{"line":2,"column":54}},"2":{"start":{"line":3,"column":46},"end":{"line":3,"column":68}},"3":{"start":{"line":4,"column":23},"end":{"line":4,"column":51}},"4":{"start":{"line":5,"column":17},"end":{"line":5,"column":21}},"5":{"start":{"line":6,"column":15},"end":{"line":6,"column":34}},"6":{"start":{"line":7,"column":17},"end":{"line":7,"column":32}},"7":{"start":{"line":8,"column":46},"end":{"line":8,"column":71}},"8":{"start":{"line":9,"column":14},"end":{"line":9,"column":57}},"9":{"start":{"line":10,"column":19},"end":{"line":10,"column":35}},"10":{"start":{"line":11,"column":29},"end":{"line":11,"column":61}},"11":{"start":{"line":14,"column":0},"end":{"line":103,"column":2}},"12":{"start":{"line":16,"column":4},"end":{"line":19,"column":6}},"13":{"start":{"line":17,"column":7},"end":{"line":17,"column":42}},"14":{"start":{"line":18,"column":7},"end":{"line":18,"column":39}},"15":{"start":{"line":23,"column":4},"end":{"line":41,"column":6}},"16":{"start":{"line":24,"column":8},"end":{"line":24,"column":40}},"17":{"start":{"line":26,"column":8},"end":{"line":26,"column":50}},"18":{"start":{"line":27,"column":8},"end":{"line":27,"column":32}},"19":{"start":{"line":28,"column":8},"end":{"line":28,"column":43}},"20":{"start":{"line":29,"column":8},"end":{"line":29,"column":41}},"21":{"start":{"line":32,"column":8},"end":{"line":32,"column":33}},"22":{"start":{"line":33,"column":8},"end":{"line":33,"column":47}},"23":{"start":{"line":34,"column":8},"end":{"line":34,"column":39}},"24":{"start":{"line":35,"column":8},"end":{"line":35,"column":51}},"25":{"start":{"line":38,"column":8},"end":{"line":38,"column":39}},"26":{"start":{"line":39,"column":8},"end":{"line":39,"column":21}},"27":{"start":{"line":44,"column":4},"end":{"line":97,"column":6}},"28":{"start":{"line":46,"column":8},"end":{"line":56,"column":10}},"29":{"start":{"line":47,"column":26},"end":{"line":47,"column":57}},"30":{"start":{"line":48,"column":12},"end":{"line":48,"column":24}},"31":{"start":{"line":49,"column":35},"end":{"line":49,"column":204}},"32":{"start":{"line":51,"column":12},"end":{"line":51,"column":47}},"33":{"start":{"line":52,"column":12},"end":{"line":52,"column":49}},"34":{"start":{"line":53,"column":12},"end":{"line":53,"column":48}},"35":{"start":{"line":54,"column":12},"end":{"line":54,"column":95}},"36":{"start":{"line":58,"column":8},"end":{"line":66,"column":10}},"37":{"start":{"line":60,"column":28},"end":{"line":60,"column":74}},"38":{"start":{"line":62,"column":12},"end":{"line":62,"column":36}},"39":{"start":{"line":63,"column":12},"end":{"line":63,"column":45}},"40":{"start":{"line":64,"column":12},"end":{"line":64,"column":39}},"41":{"start":{"line":65,"column":12},"end":{"line":65,"column":50}},"42":{"start":{"line":68,"column":8},"end":{"line":81,"column":10}},"43":{"start":{"line":71,"column":12},"end":{"line":79,"column":13}},"44":{"start":{"line":72,"column":16},"end":{"line":72,"column":73}},"45":{"start":{"line":73,"column":16},"end":{"line":73,"column":62}},"46":{"start":{"line":76,"column":16},"end":{"line":76,"column":38}},"47":{"start":{"line":77,"column":16},"end":{"line":77,"column":67}},"48":{"start":{"line":78,"column":16},"end":{"line":78,"column":111}},"49":{"start":{"line":83,"column":8},"end":{"line":96,"column":10}},"50":{"start":{"line":86,"column":12},"end":{"line":94,"column":13}},"51":{"start":{"line":87,"column":16},"end":{"line":87,"column":81}},"52":{"start":{"line":88,"column":16},"end":{"line":88,"column":62}},"53":{"start":{"line":91,"column":16},"end":{"line":91,"column":38}},"54":{"start":{"line":92,"column":16},"end":{"line":92,"column":67}},"55":{"start":{"line":93,"column":16},"end":{"line":93,"column":103}},"56":{"start":{"line":99,"column":4},"end":{"line":102,"column":6}},"57":{"start":{"line":100,"column":8},"end":{"line":100,"column":40}},"58":{"start":{"line":101,"column":8},"end":{"line":101,"column":35}}},"fnMap":{"0":{"name":"(anonymous_0)","decl":{"start":{"line":14,"column":41},"end":{"line":14,"column":42}},"loc":{"start":{"line":14,"column":47},"end":{"line":103,"column":1}},"line":14},"1":{"name":"(anonymous_1)","decl":{"start":{"line":16,"column":11},"end":{"line":16,"column":12}},"loc":{"start":{"line":16,"column":22},"end":{"line":19,"column":5}},"line":16},"2":{"name":"(anonymous_2)","decl":{"start":{"line":23,"column":15},"end":{"line":23,"column":16}},"loc":{"start":{"line":23,"column":26},"end":{"line":41,"column":5}},"line":23},"3":{"name":"(anonymous_3)","decl":{"start":{"line":44,"column":35},"end":{"line":44,"column":36}},"loc":{"start":{"line":44,"column":41},"end":{"line":97,"column":5}},"line":44},"4":{"name":"(anonymous_4)","decl":{"start":{"line":46,"column":19},"end":{"line":46,"column":20}},"loc":{"start":{"line":46,"column":30},"end":{"line":56,"column":9}},"line":46},"5":{"name":"(anonymous_5)","decl":{"start":{"line":58,"column":74},"end":{"line":58,"column":75}},"loc":{"start":{"line":58,"column":85},"end":{"line":66,"column":9}},"line":58},"6":{"name":"(anonymous_6)","decl":{"start":{"line":68,"column":51},"end":{"line":68,"column":52}},"loc":{"start":{"line":68,"column":62},"end":{"line":81,"column":9}},"line":68},"7":{"name":"(anonymous_7)","decl":{"start":{"line":83,"column":45},"end":{"line":83,"column":46}},"loc":{"start":{"line":83,"column":56},"end":{"line":96,"column":9}},"line":83},"8":{"name":"(anonymous_8)","decl":{"start":{"line":99,"column":10},"end":{"line":99,"column":11}},"loc":{"start":{"line":99,"column":21},"end":{"line":102,"column":5}},"line":99}},"branchMap":{},"s":{"0":1,"1":1,"2":1,"3":1,"4":1,"5":1,"6":1,"7":1,"8":1,"9":1,"10":1,"11":1,"12":1,"13":1,"14":1,"15":1,"16":3,"17":3,"18":3,"19":3,"20":3,"21":3,"22":3,"23":3,"24":3,"25":3,"26":3,"27":1,"28":1,"29":3,"30":3,"31":3,"32":3,"33":3,"34":3,"35":3,"36":1,"37":1,"38":1,"39":1,"40":1,"41":1,"42":1,"43":1,"44":1,"45":0,"46":1,"47":1,"48":1,"49":1,"50":1,"51":1,"52":0,"53":1,"54":1,"55":1,"56":1,"57":1,"58":1},"f":{"0":1,"1":1,"2":3,"3":1,"4":3,"5":1,"6":1,"7":1,"8":1},"b":{},"_coverageSchema":"1a1c01bbd47fc00a2c39e90264f33305004495a9","hash":"f01e5d52e9a77d0cdd8c46d66a700ff8a8b99e84","contentHash":"4987128dedf088dd50bfa4e0ef9fb85e2baee8be283a950b88ca48ee29978b9e"},"/home/marcgm97/bootcamp/collab/skylab-bootcamp-202004/staff/marc-guillemas/qrmenu/qrmenu-server-logic/retrieve-dishes.js":{"path":"/home/marcgm97/bootcamp/collab/skylab-bootcamp-202004/staff/marc-guillemas/qrmenu/qrmenu-server-logic/retrieve-dishes.js","statementMap":{"0":{"start":{"line":1,"column":34},"end":{"line":1,"column":56}},"1":{"start":{"line":2,"column":55},"end":{"line":2,"column":80}},"2":{"start":{"line":9,"column":0},"end":{"line":28,"column":1}},"3":{"start":{"line":11,"column":4},"end":{"line":27,"column":8}},"4":{"start":{"line":13,"column":30},"end":{"line":13,"column":75}},"5":{"start":{"line":15,"column":8},"end":{"line":15,"column":112}},"6":{"start":{"line":15,"column":27},"end":{"line":15,"column":112}},"7":{"start":{"line":17,"column":33},"end":{"line":17,"column":46}},"8":{"start":{"line":19,"column":22},"end":{"line":19,"column":66}},"9":{"start":{"line":19,"column":44},"end":{"line":19,"column":65}},"10":{"start":{"line":21,"column":8},"end":{"line":21,"column":88}},"11":{"start":{"line":21,"column":19},"end":{"line":21,"column":88}},"12":{"start":{"line":23,"column":8},"end":{"line":23,"column":74}},"13":{"start":{"line":23,"column":26},"end":{"line":23,"column":74}},"14":{"start":{"line":25,"column":8},"end":{"line":25,"column":21}}},"fnMap":{"0":{"name":"(anonymous_0)","decl":{"start":{"line":9,"column":17},"end":{"line":9,"column":18}},"loc":{"start":{"line":9,"column":47},"end":{"line":28,"column":1}},"line":9},"1":{"name":"(anonymous_1)","decl":{"start":{"line":11,"column":12},"end":{"line":11,"column":13}},"loc":{"start":{"line":11,"column":23},"end":{"line":27,"column":5}},"line":11},"2":{"name":"(anonymous_2)","decl":{"start":{"line":19,"column":34},"end":{"line":19,"column":35}},"loc":{"start":{"line":19,"column":44},"end":{"line":19,"column":65}},"line":19}},"branchMap":{"0":{"loc":{"start":{"line":15,"column":8},"end":{"line":15,"column":112}},"type":"if","locations":[{"start":{"line":15,"column":8},"end":{"line":15,"column":112}},{"start":{"line":15,"column":8},"end":{"line":15,"column":112}}],"line":15},"1":{"loc":{"start":{"line":21,"column":8},"end":{"line":21,"column":88}},"type":"if","locations":[{"start":{"line":21,"column":8},"end":{"line":21,"column":88}},{"start":{"line":21,"column":8},"end":{"line":21,"column":88}}],"line":21},"2":{"loc":{"start":{"line":23,"column":8},"end":{"line":23,"column":74}},"type":"if","locations":[{"start":{"line":23,"column":8},"end":{"line":23,"column":74}},{"start":{"line":23,"column":8},"end":{"line":23,"column":74}}],"line":23}},"s":{"0":1,"1":1,"2":1,"3":3,"4":3,"5":3,"6":1,"7":2,"8":2,"9":2,"10":2,"11":1,"12":1,"13":0,"14":1},"f":{"0":3,"1":3,"2":2},"b":{"0":[1,2],"1":[1,1],"2":[0,1]},"_coverageSchema":"1a1c01bbd47fc00a2c39e90264f33305004495a9","hash":"ed7e4942e474481543af80dcf66e240264480513","contentHash":"f1150527ae9f4bd7c3809cc56b719bcd7eaccc6c1c4f28606f7cd02581b18397"},"/home/marcgm97/bootcamp/collab/skylab-bootcamp-202004/staff/marc-guillemas/qrmenu/qrmenu-server-logic/retrieve-order-dishes.spec.js":{"path":"/home/marcgm97/bootcamp/collab/skylab-bootcamp-202004/staff/marc-guillemas/qrmenu/qrmenu-server-logic/retrieve-order-dishes.spec.js","statementMap":{"0":{"start":{"line":1,"column":0},"end":{"line":1,"column":26}},"1":{"start":{"line":2,"column":47},"end":{"line":2,"column":54}},"2":{"start":{"line":3,"column":53},"end":{"line":3,"column":75}},"3":{"start":{"line":4,"column":28},"end":{"line":4,"column":62}},"4":{"start":{"line":5,"column":17},"end":{"line":5,"column":21}},"5":{"start":{"line":6,"column":15},"end":{"line":6,"column":34}},"6":{"start":{"line":7,"column":17},"end":{"line":7,"column":32}},"7":{"start":{"line":8,"column":46},"end":{"line":8,"column":71}},"8":{"start":{"line":9,"column":14},"end":{"line":9,"column":57}},"9":{"start":{"line":10,"column":19},"end":{"line":10,"column":35}},"10":{"start":{"line":11,"column":29},"end":{"line":11,"column":61}},"11":{"start":{"line":14,"column":0},"end":{"line":102,"column":2}},"12":{"start":{"line":16,"column":4},"end":{"line":19,"column":6}},"13":{"start":{"line":17,"column":7},"end":{"line":17,"column":42}},"14":{"start":{"line":18,"column":7},"end":{"line":18,"column":39}},"15":{"start":{"line":23,"column":4},"end":{"line":40,"column":6}},"16":{"start":{"line":24,"column":8},"end":{"line":24,"column":40}},"17":{"start":{"line":26,"column":8},"end":{"line":26,"column":50}},"18":{"start":{"line":27,"column":8},"end":{"line":27,"column":32}},"19":{"start":{"line":28,"column":8},"end":{"line":28,"column":43}},"20":{"start":{"line":29,"column":8},"end":{"line":29,"column":41}},"21":{"start":{"line":32,"column":8},"end":{"line":32,"column":33}},"22":{"start":{"line":33,"column":8},"end":{"line":33,"column":47}},"23":{"start":{"line":34,"column":8},"end":{"line":34,"column":39}},"24":{"start":{"line":35,"column":8},"end":{"line":35,"column":51}},"25":{"start":{"line":37,"column":8},"end":{"line":37,"column":39}},"26":{"start":{"line":38,"column":8},"end":{"line":38,"column":21}},"27":{"start":{"line":43,"column":4},"end":{"line":96,"column":6}},"28":{"start":{"line":45,"column":8},"end":{"line":55,"column":10}},"29":{"start":{"line":46,"column":26},"end":{"line":46,"column":57}},"30":{"start":{"line":47,"column":12},"end":{"line":47,"column":24}},"31":{"start":{"line":48,"column":35},"end":{"line":48,"column":204}},"32":{"start":{"line":50,"column":12},"end":{"line":50,"column":47}},"33":{"start":{"line":51,"column":12},"end":{"line":51,"column":49}},"34":{"start":{"line":52,"column":12},"end":{"line":52,"column":48}},"35":{"start":{"line":53,"column":25},"end":{"line":53,"column":138}},"36":{"start":{"line":57,"column":8},"end":{"line":65,"column":10}},"37":{"start":{"line":59,"column":28},"end":{"line":59,"column":97}},"38":{"start":{"line":61,"column":12},"end":{"line":61,"column":36}},"39":{"start":{"line":62,"column":12},"end":{"line":62,"column":45}},"40":{"start":{"line":63,"column":12},"end":{"line":63,"column":39}},"41":{"start":{"line":64,"column":12},"end":{"line":64,"column":45}},"42":{"start":{"line":67,"column":8},"end":{"line":80,"column":10}},"43":{"start":{"line":70,"column":12},"end":{"line":78,"column":13}},"44":{"start":{"line":71,"column":16},"end":{"line":71,"column":96}},"45":{"start":{"line":72,"column":16},"end":{"line":72,"column":62}},"46":{"start":{"line":75,"column":16},"end":{"line":75,"column":38}},"47":{"start":{"line":76,"column":16},"end":{"line":76,"column":67}},"48":{"start":{"line":77,"col
[...]
ne":18,"column":112}},"9":{"start":{"line":18,"column":27},"end":{"line":18,"column":112}},"10":{"start":{"line":20,"column":32},"end":{"line":20,"column":45}},"11":{"start":{"line":22,"column":23},"end":{"line":22,"column":81}},"12":{"start":{"line":22,"column":45},"end":{"line":22,"column":80}},"13":{"start":{"line":24,"column":8},"end":{"line":24,"column":91}},"14":{"start":{"line":24,"column":20},"end":{"line":24,"column":91}},"15":{"start":{"line":26,"column":8},"end":{"line":26,"column":80}},"16":{"start":{"line":26,"column":27},"end":{"line":26,"column":80}},"17":{"start":{"line":28,"column":22},"end":{"line":28,"column":24}},"18":{"start":{"line":30,"column":8},"end":{"line":33,"column":10}},"19":{"start":{"line":31,"column":12},"end":{"line":32,"column":35}},"20":{"start":{"line":32,"column":16},"end":{"line":32,"column":35}},"21":{"start":{"line":35,"column":8},"end":{"line":35,"column":22}}},"fnMap":{"0":{"name":"(anonymous_0)","decl":{"start":{"line":10,"column":17},"end":{"line":10,"column":18}},"loc":{"start":{"line":10,"column":48},"end":{"line":37,"column":1}},"line":10},"1":{"name":"(anonymous_1)","decl":{"start":{"line":15,"column":12},"end":{"line":15,"column":13}},"loc":{"start":{"line":15,"column":23},"end":{"line":36,"column":5}},"line":15},"2":{"name":"(anonymous_2)","decl":{"start":{"line":22,"column":34},"end":{"line":22,"column":35}},"loc":{"start":{"line":22,"column":45},"end":{"line":22,"column":80}},"line":22},"3":{"name":"(anonymous_3)","decl":{"start":{"line":30,"column":23},"end":{"line":30,"column":24}},"loc":{"start":{"line":30,"column":34},"end":{"line":33,"column":9}},"line":30}},"branchMap":{"0":{"loc":{"start":{"line":18,"column":8},"end":{"line":18,"column":112}},"type":"if","locations":[{"start":{"line":18,"column":8},"end":{"line":18,"column":112}},{"start":{"line":18,"column":8},"end":{"line":18,"column":112}}],"line":18},"1":{"loc":{"start":{"line":24,"column":8},"end":{"line":24,"column":91}},"type":"if","locations":[{"start":{"line":24,"column":8},"end":{"line":24,"column":91}},{"start":{"line":24,"column":8},"end":{"line":24,"column":91}}],"line":24},"2":{"loc":{"start":{"line":26,"column":8},"end":{"line":26,"column":80}},"type":"if","locations":[{"start":{"line":26,"column":8},"end":{"line":26,"column":80}},{"start":{"line":26,"column":8},"end":{"line":26,"column":80}}],"line":26},"3":{"loc":{"start":{"line":31,"column":12},"end":{"line":32,"column":35}},"type":"if","locations":[{"start":{"line":31,"column":12},"end":{"line":32,"column":35}},{"start":{"line":31,"column":12},"end":{"line":32,"column":35}}],"line":31}},"s":{"0":1,"1":1,"2":1,"3":1,"4":3,"5":3,"6":3,"7":3,"8":3,"9":1,"10":2,"11":2,"12":2,"13":2,"14":1,"15":1,"16":0,"17":1,"18":1,"19":1,"20":1,"21":1},"f":{"0":3,"1":3,"2":2,"3":1},"b":{"0":[1,2],"1":[1,1],"2":[0,1],"3":[1,0]},"_coverageSchema":"1a1c01bbd47fc00a2c39e90264f33305004495a9","hash":"d10ed6a27775889128b371041f7cfc0cf6f42a99","contentHash":"8fb2fa74f11f32b03e2a14bb1685b064363adf2b6cb822785781bce897042d29"},"/home/marcgm97/bootcamp/collab/skylab-bootcamp-202004/staff/marc-guillemas/qrmenu/qrmenu-server-logic/retrieve-tables.spec.js":{"path":"/home/marcgm97/bootcamp/collab/skylab-bootcamp-202004/staff/marc-guillemas/qrmenu/qrmenu-server-logic/retrieve-tables.spec.js","statementMap":{"0":{"start":{"line":1,"column":0},"end":{"line":1,"column":26}},"1":{"start":{"line":2,"column":47},"end":{"line":2,"column":54}},"2":{"start":{"line":3,"column":46},"end":{"line":3,"column":68}},"3":{"start":{"line":4,"column":23},"end":{"line":4,"column":51}},"4":{"start":{"line":5,"column":17},"end":{"line":5,"column":21}},"5":{"start":{"line":6,"column":15},"end":{"line":6,"column":34}},"6":{"start":{"line":7,"column":17},"end":{"line":7,"column":32}},"7":{"start":{"line":8,"column":46},"end":{"line":8,"column":71}},"8":{"start":{"line":9,"column":14},"end":{"line":9,"column":57}},"9":{"start":{"line":10,"column":19},"end":{"line":10,"column":35}},"10":{"start":{"line":11,"column":29},"end":{"line":11,"column":61}},"11":{"start":{"line":14,"column":0},"end":{"line":89,"column":2}},"12":{"start":{"line":16,"column":3},"end":{"line":16,"column":46}},"13":{"start":{"line":16,"column":16},"end":{"line":16,"column":45}},"14":{"start":{"line":20,"column":4},"end":{"line":30,"column":6}},"15":{"start":{"line":21,"column":8},"end":{"line":21,"column":40}},"16":{"start":{"line":23,"column":8},"end":{"line":23,"column":50}},"17":{"start":{"line":24,"column":8},"end":{"line":24,"column":32}},"18":{"start":{"line":25,"column":8},"end":{"line":25,"column":43}},"19":{"start":{"line":26,"column":8},"end":{"line":26,"column":41}},"20":{"start":{"line":28,"column":8},"end":{"line":28,"column":39}},"21":{"start":{"line":33,"column":4},"end":{"line":83,"column":6}},"22":{"start":{"line":34,"column":8},"end":{"line":41,"column":10}},"23":{"start":{"line":35,"column":26},"end":{"line":35,"column":57}},"24":{"start":{"line":36,"column":12},"end":{"line":36,"column":24}},"25":{"start":{"line":37,"column":35},"end":{"line":37,"column":152}},"26":{"start":{"line":38,"column":12},"end":{"line":38,"column":47}},"27":{"start":{"line":39,"column":12},"end":{"line":39,"column":49}},"28":{"start":{"line":40,"column":12},"end":{"line":40,"column":49}},"29":{"start":{"line":43,"column":8},"end":{"line":52,"column":10}},"30":{"start":{"line":45,"column":28},"end":{"line":45,"column":75}},"31":{"start":{"line":47,"column":12},"end":{"line":47,"column":45}},"32":{"start":{"line":48,"column":12},"end":{"line":48,"column":39}},"33":{"start":{"line":49,"column":12},"end":{"line":49,"column":52}},"34":{"start":{"line":50,"column":12},"end":{"line":50,"column":51}},"35":{"start":{"line":54,"column":8},"end":{"line":67,"column":10}},"36":{"start":{"line":57,"column":12},"end":{"line":65,"column":13}},"37":{"start":{"line":58,"column":16},"end":{"line":58,"column":74}},"38":{"start":{"line":59,"column":16},"end":{"line":59,"column":62}},"39":{"start":{"line":62,"column":16},"end":{"line":62,"column":38}},"40":{"start":{"line":63,"column":16},"end":{"line":63,"column":67}},"41":{"start":{"line":64,"column":16},"end":{"line":64,"column":111}},"42":{"start":{"line":69,"column":8},"end":{"line":82,"column":10}},"43":{"start":{"line":72,"column":12},"end":{"line":80,"column":13}},"44":{"start":{"line":73,"column":16},"end":{"line":73,"column":81}},"45":{"start":{"line":74,"column":16},"end":{"line":74,"column":62}},"46":{"start":{"line":77,"column":16},"end":{"line":77,"column":38}},"47":{"start":{"line":78,"column":16},"end":{"line":78,"column":67}},"48":{"start":{"line":79,"column":16},"end":{"line":79,"column":104}},"49":{"start":{"line":85,"column":4},"end":{"line":88,"column":6}},"50":{"start":{"line":86,"column":8},"end":{"line":86,"column":40}},"51":{"start":{"line":87,"column":8},"end":{"line":87,"column":35}}},"fnMap":{"0":{"name":"(anonymous_0)","decl":{"start":{"line":14,"column":41},"end":{"line":14,"column":42}},"loc":{"start":{"line":14,"column":47},"end":{"line":89,"column":1}},"line":14},"1":{"name":"(anonymous_1)","decl":{"start":{"line":16,"column":10},"end":{"line":16,"column":11}},"loc":{"start":{"line":16,"column":16},"end":{"line":16,"column":45}},"line":16},"2":{"name":"(anonymous_2)","decl":{"start":{"line":20,"column":15},"end":{"line":20,"column":16}},"loc":{"start":{"line":20,"column":26},"end":{"line":30,"column":5}},"line":20},"3":{"name":"(anonymous_3)","decl":{"start":{"line":33,"column":17},"end":{"line":33,"column":18}},"loc":{"start":{"line":33,"column":23},"end":{"line":83,"column":5}},"line":33},"4":{"name":"(anonymous_4)","decl":{"start":{"line":34,"column":19},"end":{"line":34,"column":20}},"loc":{"start":{"line":34,"column":30},"end":{"line":41,"column":9}},"line":34},"5":{"name":"(anonymous_5)","decl":{"start":{"line":43,"column":74},"end":{"line":43,"column":75}},"loc":{"start":{"line":43,"column":85},"end":{"line":52,"column":9}},"line":43},"6":{"name":"(anonymous_6)","decl":{"start":{"line":54,"column":51},"end":{"line":54,"column":52}},"loc":{"start":{"line":54,"column":62},"end":{"line":67,"column":9}},"line":54},"7":{"name":"(anonymous_7)","decl":{"start":{"line":69,"column":45},"end":{"line":69,"column":46}},"loc":{"start":{"line":69,"column":56},"end":{"line":82,"column":9}},"line":69},"8":{"name":"(anonymous_8)","decl":{"start":{"line":85,"column":10},"end":{"line":85,"column":11}},"loc":{"start":{"line":85,"column":21},"end":{"line":88,"column":5}},"line":85}},"branchMap":{},"s":{"0":1,"1":1,"2":1,"3":1,"4":1,"5":1,"6":1,"7":1,"8":1,"9":1,"10":1,"11":1,"12":1,"13":1,"14":1,"15":3,"16":3,"17":3,"18":3,"19":3,"20":3,"21":1,"22":1,"23":3,"24":3,"25":3,"26":3,"27":3,"28":3,"29":1,"30":1,"31":1,"32":1,"33":1,"34":1,"35":1,"36":1,"37":1,"38":0,"39":1,"40":1,"41":1,"42":1,"43":1,"44":1,"45":0,"46":1,"47":1,"48":1,"49":1,"50":1,"51":1},"f":{"0":1,"1":1,"2":3,"3":1,"4":3,"5":1,"6":1,"7":1,"8":1},"b":{},"_coverageSchema":"1a1c01bbd47fc00a2c39e90264f33305004495a9","hash":"71f5b312e4e97cfe356a3f99d57e9b14af072482","contentHash":"2a8398184609e14b26384b4d1313712bd6bf67b1704c1c6ee542999151bb6b84"},"/home/marcgm97/bootcamp/collab/skylab-bootcamp-202004/staff/marc-guillemas/qrmenu/qrmenu-server-logic/retrieve-tables.js":{"path":"/home/marcgm97/bootcamp/collab/skylab-bootcamp-202004/staff/marc-guillemas/qrmenu/qrmenu-server-logic/retrieve-tables.js","statementMap":{"0":{"start":{"line":1,"column":41},"end":{"line":1,"column":63}},"1":{"start":{"line":2,"column":37},"end":{"line":2,"column":62}},"2":{"start":{"line":3,"column":0},"end":{"line":3,"column":42}},"3":{"start":{"line":11,"column":0},"end":{"line":32,"column":1}},"4":{"start":{"line":13,"column":4},"end":{"line":13,"column":36}},"5":{"start":{"line":14,"column":4},"end":{"line":14,"column":29}},"6":{"start":{"line":16,"column":4},"end":{"line":31,"column":8}},"7":{"start":{"line":17,"column":30},"end":{"line":17,"column":75}},"8":{"start":{"line":19,"column":8},"end":{"line":19,"column":112}},"9":{"start":{"line":19,"column":27},"end":{"line":19,"column":112}},"10":{"start":{"line":21,"column":32},"end":{"line":21,"column":45}},"11":{"start":{"line":23,"column":23},"end":{"line":23,"column":81}},"12":{"start":{"line":23,"column":45},"end":{"line":23,"column":80}},"13":{"start":{"line":25,"column":8},"end":{"line":25,"column":91}},"14":{"start":{"line":25,"column":20},"end":{"line":25,"column":91}},"15":{"start":{"line":27,"column":8},"end":{"line":27,"column":80}},"16":{"start":{"line":27,"column":27},"end":{"line":27,"column":80}},"17":{"start":{"line":29,"column":8},"end":{"line":29,"column":21}}},"fnMap":{"0":{"name":"(anonymous_0)","decl":{"start":{"line":11,"column":17},"end":{"line":11,"column":18}},"loc":{"start":{"line":11,"column":48},"end":{"line":32,"column":1}},"line":11},"1":{"name":"(anonymous_1)","decl":{"start":{"line":16,"column":12},"end":{"line":16,"column":13}},"loc":{"start":{"line":16,"column":23},"end":{"line":31,"column":5}},"line":16},"2":{"name":"(anonymous_2)","decl":{"start":{"line":23,"column":34},"end":{"line":23,"column":35}},"loc":{"start":{"line":23,"column":45},"end":{"line":23,"column":80}},"line":23}},"branchMap":{"0":{"loc":{"start":{"line":19,"column":8},"end":{"line":19,"column":112}},"type":"if","locations":[{"start":{"line":19,"column":8},"end":{"line":19,"column":112}},{"start":{"line":19,"column":8},"end":{"line":19,"column":112}}],"line":19},"1":{"loc":{"start":{"line":25,"column":8},"end":{"line":25,"column":91}},"type":"if","locations":[{"start":{"line":25,"column":8},"end":{"line":25,"column":91}},{"start":{"line":25,"column":8},"end":{"line":25,"column":91}}],"line":25},"2":{"loc":{"start":{"line":27,"column":8},"end":{"line":27,"column":80}},"type":"if","locations":[{"start":{"line":27,"column":8},"end":{"line":27,"column":80}},{"start":{"line":27,"column":8},"end":{"line":27,"column":80}}],"line":27}},"s":{"0":1,"1":1,"2":1,"3":1,"4":3,"5":3,"6":3,"7":3,"8":3,"9":1,"10":2,"11":2,"12":2,"13":2,"14":1,"15":1,"16":0,"17":1},"f":{"0":3,"1":3,"2":2},"b":{"0":[1,2],"1":[1,1],"2":[0,1]},"_coverageSchema":"1a1c01bbd47fc00a2c39e90264f33305004495a9","hash":"efab350ddf99691df8fe5f5ecceb4f746e581e1a","contentHash":"fa5b8eee488d0caed0a133199e133f0beb39d8c3d40f3fd6f235c4683b65af8d"},"/home/marcgm97/bootcamp/collab/skylab-bootcamp-202004/staff/marc-guillemas/qrmenu/qrmenu-server-logic/retrieve-worker.spec.js":{"path":"/home/marcgm97/bootcamp/collab/skylab-bootcamp-202004/staff/marc-guillemas/qrmenu/qrmenu-server-logic/retrieve-worker.spec.js","statementMap":{"0":{"start":{"line":1,"column":0},"end":{"line":1,"column":26}},"1":{"start":{"line":3,"column":51},"end":{"line":3,"column":58}},"2":{"start":{"line":5,"column":30},"end":{"line":5,"column":65}},"3":{"start":{"line":6,"column":19},"end":{"line":6,"column":23}},"4":{"start":{"line":7,"column":19},"end":{"line":7,"column":34}},"5":{"start":{"line":8,"column":0},"end":{"line":8,"column":40}},"6":{"start":{"line":9,"column":48},"end":{"line":9,"column":70}},"7":{"start":{"line":10,"column":46},"end":{"line":10,"column":71}},"8":{"start":{"line":11,"column":15},"end":{"line":11,"column":34}},"9":{"start":{"line":12,"column":0},"end":{"line":64,"column":2}},"10":{"start":{"line":13,"column":4},"end":{"line":13,"column":47}},"11":{"start":{"line":13,"column":17},"end":{"line":13,"column":46}},"12":{"start":{"line":17,"column":4},"end":{"line":28,"column":5}},"13":{"start":{"line":18,"column":8},"end":{"line":27,"column":36}},"14":{"start":{"line":20,"column":12},"end":{"line":20,"column":55}},"15":{"start":{"line":21,"column":12},"end":{"line":21,"column":32}},"16":{"start":{"line":22,"column":12},"end":{"line":22,"column":44}},"17":{"start":{"line":23,"column":12},"end":{"line":23,"column":44}},"18":{"start":{"line":25,"column":12},"end":{"line":25,"column":44}},"19":{"start":{"line":27,"column":23},"end":{"line":27,"column":35}},"20":{"start":{"line":30,"column":4},"end":{"line":46,"column":6}},"21":{"start":{"line":31,"column":8},"end":{"line":34,"column":9}},"22":{"start":{"line":32,"column":12},"end":{"line":33,"column":74}},"23":{"start":{"line":33,"column":39},"end":{"line":33,"column":73}},"24":{"start":{"line":36,"column":8},"end":{"line":45,"column":10}},"25":{"start":{"line":37,"column":12},"end":{"line":41,"column":14}},"26":{"start":{"line":40,"column":16},"end":{"line":40,"column":62}},"27":{"start":{"line":48,"column":4},"end":{"line":59,"column":6}},"28":{"start":{"line":49,"column":32},"end":{"line":49,"column":58}},"29":{"start":{"line":51,"column":8},"end":{"line":58,"column":14}},"30":{"start":{"line":52,"column":26},"end":{"line":52,"column":72}},"31":{"start":{"line":54,"column":16},"end":{"line":54,"column":38}},"32":{"start":{"line":56,"column":16},"end":{"line":56,"column":56}},"33":{"start":{"line":57,"column":16},"end":{"line":57,"column":105}},"34":{"start":{"line":61,"column":4},"end":{"line":61,"column":47}},"35":{"start":{"line":61,"column":20},"end":{"line":61,"column":46}},"36":{"start":{"line":63,"column":4},"end":{"line":63,"column":30}}},"fnMap":{"0":{"name":"(anonymous_0)","decl":{"start":{"line":12,"column":36},"end":{"line":12,"column":37}},"loc":{"start":{"line":12,"column":42},"end":{"line":64,"column":1}},"line":12},"1":{"name":"(anonymous_1)","decl":{"start":{"line":13,"column":11},"end":{"line":13,"column":12}},"loc":{"start":{"line":13,"column":17},"end":{"line":13,"column":46}},"line":13},"2":{"name":"(anonymous_2)","decl":{"start":{"line":17,"column":15},"end":{"line":17,"column":16}},"loc":{"start":{"line":18,"column":8},"end":{"line":27,"column":36}},"line":18},"3":{"name":"(anonymous_3)","decl":{"start":{"line":19,"column":14},"end":{"line":19,"column":15}},"loc":{"start":{"line":19,"column":20},"end":{"line":26,"column":9}},"line":19},"4":{"name":"(anonymous_4)","decl":{"start":{"line":27,"column":14},"end":{"line":27,"column":15}},"loc":{"start":{"line":27,"column":23},"end":{"line":27,"column":35}},"line":27},"5":{"name":"(anonymous_5)","decl":{"start":{"line":30,"column":41},"end":{"line":30,"column":42}},"loc":{"start":{"line":30,"column":47},"end":{"line":46,"column":5}},"line":30},"6":{"name":"(anonymous_6)","decl":{"start":{"line":31,"column":19},"end":{"line":31,"column":20}},"loc":{"start":{"line":32,"column":12},"end":{"line":33,"column":74}},"line":32},"7":{"name":"(anonymous_7)","decl":{"start":{"line":33,"column":22},"end":{"line":33,"column":23}},"loc":{"start":{"line":33,"column":39},"end":{"line":33,"column":73}},"line":33},"8":{"name":"(anonymous_8)","decl":{"start":{"line":36,"column":50},"end":{"line":36,"column":51}},"loc":{"start":{"line":36,"column":56},"end":{"line":45,"column":9}},"line":36},"9":{"name":"(anonymous_9)","decl":{"start":{"line":38,"column":18},"end":{"line":38,"column":19}},"loc":{"start":{"line":38,"column":36},"end":{"line":41,"column":13}},"line":38},"10":{"name":"(anonymous_10)","decl":{"start":{"line":48,"column":47},"end":{"line":48,"column":48}},"loc":{"start":{"line":48,"column":53},"end":{"line":59,"column":5}},"line":48},"11":{"name":"(anonymous_11)","decl":{"start":{"line":52,"column":18},"end":{"line":52,"column":19}},"loc":{"start":{"line":52,"column":24},"end":{"line":52,"column":74}},"line":52},"12":{"name":"(anonymous_12)","decl":{"start":{"line":53,"column":19},"end":{"line":53,"column":20}},"loc":{"start":{"line":53,"column":28},"end":{"line":58,"column":13}},"line":53},"13":{"name":"(anonymous_13)","decl":{"start":{"line":61,"column":14},"end":{"line":61,"column":15}},"loc":{"start":{"line":61,"column":20},"end":{"line":61,"column":46}},"line":61}},"branchMap":{},"s":{"0":1,"1":1,"2":1,"3":1,"4":1,"5":1,"6":1,"7":1,"8":1,"9":1,"10":1,"11":1,"12":1,"13":2,"14":2,"15":2,"16":2,"17":2,"18":2,"19":2,"20":1,"21":1,"22":1,"23":1,"24":1,"25":1,"26":1,"27":1,"28":1,"29":1,"30":0,"31":1,"32":1,"33":1,"34":1,"35":2,"36":1},"f":{"0":1,"1":1,"2":2,"3":2,"4":2,"5":1,"6":1,"7":1,"8":1,"9":1,"10":1,"11":0,"12":1,"13":2},"b":{},"_coverageSchema":"1a1c01bbd47fc00a2c39e90264f33305004495a9","hash":"b3ea661a8aa3b34d44b8fcb7bb48e94080fdfb8a","contentHash":"be15a51a33f46fcc8b8803e00eeb91b2a9d7b9d3ca52305436c0fa52c5f2af61"},"/home/marcgm97/bootcamp/collab/skylab-bootcamp-202004/staff/marc-guillemas/qrmenu/qrmenu-server-logic/retrieve-establishment.js":{"path":"/home/marcgm97/bootcamp/collab/skylab-bootcamp-202004/staff/marc-guillemas/qrmenu/qrmenu-server-logic/retrieve-establishment.js","statementMap":{"0":{"start":{"line":1,"column":0},"end":{"line":1,"column":42}},"1":{"start":{"line":2,"column":36},"end":{"line":2,"column":58}},"2":{"start":{"line":3,"column":37},"end":{"line":3,"column":62}},"3":{"start":{"line":9,"column":0},"end":{"line":19,"column":1}},"4":{"start":{"line":10,"column":4},"end":{"line":10,"column":44}},"5":{"start":{"line":12,"column":4},"end":{"line":18,"column":8}},"6":{"start":{"line":14,"column":30},"end":{"line":14,"column":75}},"7":{"start":{"line":15,"column":8},"end":{"line":15,"column":112}},"8":{"start":{"line":15,"column":27},"end":{"line":15,"column":112}},"9":{"start":{"line":17,"column":8},"end":{"line":17,"column":42}}},"fnMap":{"0":{"name":"(anonymous_0)","decl":{"start":{"line":9,"column":17},"end":{"line":9,"column":18}},"loc":{"start":{"line":9,"column":38},"end":{"line":19,"column":1}},"line":9},"1":{"name":"(anonymous_1)","decl":{"start":{"line":12,"column":12},"end":{"line":12,"column":13}},"loc":{"start":{"line":12,"column":23},"end":{"line":18,"column":5}},"line":12}},"branchMap":{"0":{"loc":{"start":{"line":15,"column":8},"end":{"line":15,"column":112}},"type":"if","locations":[{"start":{"line":15,"column":8},"end":{"line":15,"column":112}},{"start":{"line":15,"column":8},"end":{"line":15,"column":112}}],"line":15}},"s":{"0":1,"1":1,"2":1,"3":1,"4":2,"5":2,"6":2,"7":2,"8":1,"9":1},"f":{"0":2,"1":2},"b":{"0":[1,1]},"_coverageSchema":"1a1c01bbd47fc00a2c39e90264f33305004495a9","hash":"55381b23cfba7858e1cd806d67a5f9bca0e203e7","contentHash":"e3424f1902160d65c4155a9550adf19673f2222f9c695e13a52e6b5983caf5a8"}}